---------------------------------------------------------------
[ 2018-11-05T13:52:53+08:00 ] 127.0.0.1 GET /
[ info ] fastadmin3.api.com:8084/ [运行时间：3.858463s][吞吐率：0.26req/s] [内存消耗：3,830.26kb] [文件加载：88]
[ info ] [ BEHAVIOR ] Run Closure @app_init [ RunTime:0.001198s ]
[ info ] [ CACHE ] INIT File
[ info ] [ BEHAVIOR ] Run Closure @app_init [ RunTime:0.190023s ]
[ info ] [ LANG ] D:\phpstudy\PHPTutorial\WWW\fastadmin_new2\thinkphp\lang\zh-cn.php
[ info ] [ ROUTE ] array (
  'type' => 'method',
  'method' => 
  array (
    0 => '\\think\\addons\\Route',
    1 => 'execute',
  ),
  'var' => 
  array (
    'addon' => 'cms',
    'controller' => 'index',
    'action' => 'index',
  ),
)
[ info ] [ HEADER ] array (
  'cookie' => 'PHPSESSID=cntrcvmotarru3iv7pnadr5g66; uid=1; token=e17c874d-db48-4590-9ce9-ba6f88698692',
  'accept-language' => 'zh-CN,zh;q=0.9',
  'accept-encoding' => 'gzip, deflate',
  'accept' => 'text/html,application/xhtml+xml,application/xml;q=0.9,image/webp,image/apng,*/*;q=0.8',
  'user-agent' => 'Mozilla/5.0 (Windows NT 10.0; Win64; x64) AppleWebKit/537.36 (KHTML, like Gecko) Chrome/70.0.3538.77 Safari/537.36',
  'upgrade-insecure-requests' => '1',
  'connection' => 'close',
  'host' => 'fastadmin3.api.com:8084',
)
[ info ] [ PARAM ] array (
)
[ info ] [ RUN ] think\addons\Route->execute[ D:\phpstudy\PHPTutorial\WWW\fastadmin_new2\vendor\karsonzhang\fastadmin-addons\src\addons\Route.php ]
[ info ] [ LANG ] D:\phpstudy\PHPTutorial\WWW\fastadmin_new2\public/../application/common\lang\zh-cn\addon.php
[ info ] [ BEHAVIOR ] Run app\common\behavior\Common @addon_begin [ RunTime:0.066747s ]
[ info ] [ LANG ] D:\phpstudy\PHPTutorial\WWW\fastadmin_new2\addons\cms\lang\zh-cn.php
[ info ] [ TOKEN ] INIT Mysql
[ info ] [ DB ] INIT mysql
[ info ] [ VIEW ] D:\phpstudy\PHPTutorial\WWW\fastadmin_new2\addons\cms\view\new\index.html [ array (
  0 => 'config',
  1 => 'user',
  2 => 'site',
  3 => '__CHANNEL__',
) ]
[ info ] [ LOG ] INIT File
[ sql ] [ DB ] CONNECT:[ UseTime:0.320631s ] mysql:host=www.linkben.com;dbname=fastadmin_lzs2;charset=utf8
[ sql ] [ SQL ] SHOW COLUMNS FROM `fa_user_token` [ RunTime:0.088849s ]
[ sql ] [ SQL ] SELECT * FROM `fa_user_token` WHERE  `token` = '55b740ffc4211b9cce3cd657f8384af702b49073' LIMIT 1 [ RunTime:0.090374s ]
[ sql ] [ SQL ] SHOW COLUMNS FROM `fa_user` [ RunTime:0.095968s ]
[ sql ] [ SQL ] SELECT * FROM `fa_user` WHERE  `id` = 1 LIMIT 1 [ RunTime:0.132795s ]
[ sql ] [ SQL ] SHOW COLUMNS FROM `fa_cms_channel` [ RunTime:0.092380s ]
[ sql ] [ SQL ] SELECT `id`,`name`,`image`,`diyname`,`items` FROM `fa_cms_channel` WHERE  `id` IN (53,56) [ RunTime:0.088762s ]
[ sql ] [ SQL ] SELECT `id`,`name`,`image`,`diyname`,`items` FROM `fa_cms_channel` WHERE  `id` IN (56,53) [ RunTime:0.086343s ]
---------------------------------------------------------------
[ 2018-11-05T13:52:58+08:00 ] 127.0.0.1 POST /addons/cms/wxapp.archives/index
[ info ] fastadmin3.api.com:8084/addons/cms/wxapp.archives/index [运行时间：1.675681s][吞吐率：0.60req/s] [内存消耗：3,792.94kb] [文件加载：88]
[ info ] [ BEHAVIOR ] Run Closure @app_init [ RunTime:0.000302s ]
[ info ] [ CACHE ] INIT File
[ info ] [ BEHAVIOR ] Run Closure @app_init [ RunTime:0.032246s ]
[ info ] [ LANG ] D:\phpstudy\PHPTutorial\WWW\fastadmin_new2\thinkphp\lang\zh-cn.php
[ info ] [ ROUTE ] array (
  'type' => 'method',
  'method' => 
  array (
    0 => '\\think\\addons\\Route',
    1 => 'execute',
  ),
  'var' => 
  array (
  ),
)
[ info ] [ HEADER ] array (
  'cookie' => 'PHPSESSID=cntrcvmotarru3iv7pnadr5g66; uid=1; token=e17c874d-db48-4590-9ce9-ba6f88698692',
  'accept-language' => 'zh-CN,zh;q=0.9',
  'accept-encoding' => 'gzip, deflate',
  'referer' => 'http://fastadmin3.api.com:8084/',
  'content-type' => 'application/x-www-form-urlencoded; charset=UTF-8',
  'user-agent' => 'Mozilla/5.0 (Windows NT 10.0; Win64; x64) AppleWebKit/537.36 (KHTML, like Gecko) Chrome/70.0.3538.77 Safari/537.36',
  'x-requested-with' => 'XMLHttpRequest',
  'origin' => 'http://fastadmin3.api.com:8084',
  'accept' => '*/*',
  'content-length' => '6',
  'connection' => 'close',
  'host' => 'fastadmin3.api.com:8084',
)
[ info ] [ PARAM ] array (
  'page' => '1',
  'addon' => 'cms',
  'controller' => 'wxapp.archives',
  'action' => 'index',
)
[ info ] [ RUN ] think\addons\Route->execute[ D:\phpstudy\PHPTutorial\WWW\fastadmin_new2\vendor\karsonzhang\fastadmin-addons\src\addons\Route.php ]
[ info ] [ LANG ] D:\phpstudy\PHPTutorial\WWW\fastadmin_new2\public/../application/common\lang\zh-cn\addon.php
[ info ] [ BEHAVIOR ] Run app\common\behavior\Common @addon_begin [ RunTime:0.011460s ]
[ info ] [ TOKEN ] INIT Mysql
[ info ] [ DB ] INIT mysql
[ info ] [ LANG ] D:\phpstudy\PHPTutorial\WWW\fastadmin_new2\/addons/cms/lang/zh-cn.php
[ info ] [ LANG ] D:\phpstudy\PHPTutorial\WWW\fastadmin_new2\public/../application//index/lang/zh-cn/user.php
[ info ] [ LOG ] INIT File
[ sql ] [ DB ] CONNECT:[ UseTime:0.139089s ] mysql:host=www.linkben.com;dbname=fastadmin_lzs2;charset=utf8
[ sql ] [ SQL ] SHOW COLUMNS FROM `fa_user_token` [ RunTime:0.090672s ]
[ sql ] [ SQL ] SELECT * FROM `fa_user_token` WHERE  `token` = '55b740ffc4211b9cce3cd657f8384af702b49073' LIMIT 1 [ RunTime:0.090052s ]
[ sql ] [ SQL ] SHOW COLUMNS FROM `fa_user` [ RunTime:0.091176s ]
[ sql ] [ SQL ] SELECT * FROM `fa_user` WHERE  `id` = 1 LIMIT 1 [ RunTime:0.090556s ]
[ sql ] [ SQL ] SHOW COLUMNS FROM `fa_cms_channel` [ RunTime:0.090986s ]
[ sql ] [ SQL ] SELECT `id`,`name`,`image`,`diyname`,`items` FROM `fa_cms_channel` WHERE  `id` IN (53,56) [ RunTime:0.093098s ]
---------------------------------------------------------------
[ 2018-11-05T13:53:01+08:00 ] 127.0.0.1 GET /undefined
[ info ] fastadmin3.api.com:8084/undefined [运行时间：0.735135s][吞吐率：1.36req/s] [内存消耗：1,720.09kb] [文件加载：52]
[ info ] [ BEHAVIOR ] Run Closure @app_init [ RunTime:0.001142s ]
[ info ] [ CACHE ] INIT File
[ info ] [ BEHAVIOR ] Run Closure @app_init [ RunTime:0.075397s ]
[ info ] [ LANG ] D:\phpstudy\PHPTutorial\WWW\fastadmin_new2\thinkphp\lang\zh-cn.php
[ info ] [ ROUTE ] array (
  'type' => 'module',
  'module' => 
  array (
    0 => 'undefined',
    1 => NULL,
    2 => NULL,
  ),
)
[ info ] [ HEADER ] array (
  'cookie' => 'PHPSESSID=cntrcvmotarru3iv7pnadr5g66; uid=1; token=e17c874d-db48-4590-9ce9-ba6f88698692',
  'accept-language' => 'zh-CN,zh;q=0.9',
  'accept-encoding' => 'gzip, deflate',
  'referer' => 'http://fastadmin3.api.com:8084/',
  'accept' => 'image/webp,image/apng,image/*,*/*;q=0.8',
  'user-agent' => 'Mozilla/5.0 (Windows NT 10.0; Win64; x64) AppleWebKit/537.36 (KHTML, like Gecko) Chrome/70.0.3538.77 Safari/537.36',
  'connection' => 'close',
  'host' => 'fastadmin3.api.com:8084',
)
[ info ] [ PARAM ] array (
)
[ info ] [ LOG ] INIT File
