---------------------------------------------------------------
[ 2018-11-20T09:22:56+08:00 ] 127.0.0.1 GET /
[ info ] fastadmin3.api.com:8084/ [运行时间：1.350522s][吞吐率：0.74req/s] [内存消耗：3,831.16kb] [文件加载：88]
[ info ] [ BEHAVIOR ] Run Closure @app_init [ RunTime:0.004053s ]
[ info ] [ CACHE ] INIT File
[ info ] [ BEHAVIOR ] Run Closure @app_init [ RunTime:0.015997s ]
[ info ] [ LANG ] D:\phpstudy\PHPTutorial\WWW\fastadmin_new2\thinkphp\lang\zh-cn.php
[ info ] [ ROUTE ] array (
  'type' => 'method',
  'method' => 
  array (
    0 => '\\think\\addons\\Route',
    1 => 'execute',
  ),
  'var' => 
  array (
    'addon' => 'cms',
    'controller' => 'index',
    'action' => 'index',
  ),
)
[ info ] [ HEADER ] array (
  'cookie' => 'PHPSESSID=cntrcvmotarru3iv7pnadr5g66; uid=1; token=e17c874d-db48-4590-9ce9-ba6f88698692',
  'accept-language' => 'zh-CN,zh;q=0.9',
  'accept-encoding' => 'gzip, deflate',
  'accept' => 'text/html,application/xhtml+xml,application/xml;q=0.9,image/webp,image/apng,*/*;q=0.8',
  'user-agent' => 'Mozilla/5.0 (Windows NT 10.0; Win64; x64) AppleWebKit/537.36 (KHTML, like Gecko) Chrome/70.0.3538.77 Safari/537.36',
  'upgrade-insecure-requests' => '1',
  'connection' => 'close',
  'host' => 'fastadmin3.api.com:8084',
)
[ info ] [ PARAM ] array (
)
[ info ] [ RUN ] think\addons\Route->execute[ D:\phpstudy\PHPTutorial\WWW\fastadmin_new2\vendor\karsonzhang\fastadmin-addons\src\addons\Route.php ]
[ info ] [ LANG ] D:\phpstudy\PHPTutorial\WWW\fastadmin_new2\public/../application/common\lang\zh-cn\addon.php
[ info ] [ BEHAVIOR ] Run app\common\behavior\Common @addon_begin [ RunTime:0.007957s ]
[ info ] [ LANG ] D:\phpstudy\PHPTutorial\WWW\fastadmin_new2\addons\cms\lang\zh-cn.php
[ info ] [ TOKEN ] INIT Mysql
[ info ] [ DB ] INIT mysql
[ info ] [ VIEW ] D:\phpstudy\PHPTutorial\WWW\fastadmin_new2\addons\cms\view\new\index.html [ array (
  0 => 'config',
  1 => 'user',
  2 => 'site',
  3 => '__CHANNEL__',
) ]
[ info ] [ LOG ] INIT File
[ sql ] [ DB ] CONNECT:[ UseTime:0.198082s ] mysql:host=www.linkben.com;dbname=fastadmin_lzs2;charset=utf8
[ sql ] [ SQL ] SHOW COLUMNS FROM `fa_user_token` [ RunTime:0.100291s ]
[ sql ] [ SQL ] SELECT * FROM `fa_user_token` WHERE  `token` = '55b740ffc4211b9cce3cd657f8384af702b49073' LIMIT 1 [ RunTime:0.099729s ]
[ sql ] [ SQL ] SHOW COLUMNS FROM `fa_user` [ RunTime:0.100275s ]
[ sql ] [ SQL ] SELECT * FROM `fa_user` WHERE  `id` = 1 LIMIT 1 [ RunTime:0.104022s ]
[ sql ] [ SQL ] SHOW COLUMNS FROM `fa_cms_channel` [ RunTime:0.092632s ]
[ sql ] [ SQL ] SELECT `id`,`name`,`image`,`diyname`,`items` FROM `fa_cms_channel` WHERE  `id` IN (59,56,53) [ RunTime:0.099365s ]
[ sql ] [ SQL ] SELECT `id`,`name`,`image`,`diyname`,`items` FROM `fa_cms_channel` WHERE  `id` IN (56,53,59) [ RunTime:0.096197s ]
---------------------------------------------------------------
[ 2018-11-20T09:22:57+08:00 ] 127.0.0.1 GET /uploads/20181030/733cabb345dd5748a7e5c013393b7614.png
[ info ] fastadmin3.api.com:8084/uploads/20181030/733cabb345dd5748a7e5c013393b7614.png [运行时间：0.478101s][吞吐率：2.09req/s] [内存消耗：1,720.41kb] [文件加载：52]
[ info ] [ BEHAVIOR ] Run Closure @app_init [ RunTime:0.000116s ]
[ info ] [ CACHE ] INIT File
[ info ] [ BEHAVIOR ] Run Closure @app_init [ RunTime:0.014961s ]
[ info ] [ LANG ] D:\phpstudy\PHPTutorial\WWW\fastadmin_new2\thinkphp\lang\zh-cn.php
[ info ] [ ROUTE ] array (
  'type' => 'module',
  'module' => 
  array (
    0 => 'uploads',
    1 => '20181030',
    2 => '733cabb345dd5748a7e5c013393b7614.png',
  ),
)
[ info ] [ HEADER ] array (
  'cookie' => 'PHPSESSID=cntrcvmotarru3iv7pnadr5g66; uid=1; token=e17c874d-db48-4590-9ce9-ba6f88698692',
  'accept-language' => 'zh-CN,zh;q=0.9',
  'accept-encoding' => 'gzip, deflate',
  'referer' => 'http://fastadmin3.api.com:8084/',
  'accept' => 'image/webp,image/apng,image/*,*/*;q=0.8',
  'user-agent' => 'Mozilla/5.0 (Windows NT 10.0; Win64; x64) AppleWebKit/537.36 (KHTML, like Gecko) Chrome/70.0.3538.77 Safari/537.36',
  'connection' => 'close',
  'host' => 'fastadmin3.api.com:8084',
)
[ info ] [ PARAM ] array (
)
[ info ] [ LOG ] INIT File
---------------------------------------------------------------
[ 2018-11-20T09:23:00+08:00 ] 127.0.0.1 POST /addons/cms/wxapp.archives/index
[ info ] fastadmin3.api.com:8084/addons/cms/wxapp.archives/index [运行时间：1.659659s][吞吐率：0.60req/s] [内存消耗：3,793.92kb] [文件加载：88]
[ info ] [ BEHAVIOR ] Run Closure @app_init [ RunTime:0.000215s ]
[ info ] [ CACHE ] INIT File
[ info ] [ BEHAVIOR ] Run Closure @app_init [ RunTime:0.013024s ]
[ info ] [ LANG ] D:\phpstudy\PHPTutorial\WWW\fastadmin_new2\thinkphp\lang\zh-cn.php
[ info ] [ ROUTE ] array (
  'type' => 'method',
  'method' => 
  array (
    0 => '\\think\\addons\\Route',
    1 => 'execute',
  ),
  'var' => 
  array (
  ),
)
[ info ] [ HEADER ] array (
  'cookie' => 'PHPSESSID=cntrcvmotarru3iv7pnadr5g66; uid=1; token=e17c874d-db48-4590-9ce9-ba6f88698692',
  'accept-language' => 'zh-CN,zh;q=0.9',
  'accept-encoding' => 'gzip, deflate',
  'referer' => 'http://fastadmin3.api.com:8084/',
  'content-type' => 'application/x-www-form-urlencoded; charset=UTF-8',
  'user-agent' => 'Mozilla/5.0 (Windows NT 10.0; Win64; x64) AppleWebKit/537.36 (KHTML, like Gecko) Chrome/70.0.3538.77 Safari/537.36',
  'x-requested-with' => 'XMLHttpRequest',
  'origin' => 'http://fastadmin3.api.com:8084',
  'accept' => '*/*',
  'content-length' => '6',
  'connection' => 'close',
  'host' => 'fastadmin3.api.com:8084',
)
[ info ] [ PARAM ] array (
  'page' => '1',
  'addon' => 'cms',
  'controller' => 'wxapp.archives',
  'action' => 'index',
)
[ info ] [ RUN ] think\addons\Route->execute[ D:\phpstudy\PHPTutorial\WWW\fastadmin_new2\vendor\karsonzhang\fastadmin-addons\src\addons\Route.php ]
[ info ] [ LANG ] D:\phpstudy\PHPTutorial\WWW\fastadmin_new2\public/../application/common\lang\zh-cn\addon.php
[ info ] [ BEHAVIOR ] Run app\common\behavior\Common @addon_begin [ RunTime:0.006332s ]
[ info ] [ TOKEN ] INIT Mysql
[ info ] [ DB ] INIT mysql
[ info ] [ LANG ] D:\phpstudy\PHPTutorial\WWW\fastadmin_new2\/addons/cms/lang/zh-cn.php
[ info ] [ LANG ] D:\phpstudy\PHPTutorial\WWW\fastadmin_new2\public/../application//index/lang/zh-cn/user.php
[ info ] [ LOG ] INIT File
[ sql ] [ DB ] CONNECT:[ UseTime:0.266181s ] mysql:host=www.linkben.com;dbname=fastadmin_lzs2;charset=utf8
[ sql ] [ SQL ] SHOW COLUMNS FROM `fa_user_token` [ RunTime:0.132371s ]
[ sql ] [ SQL ] SELECT * FROM `fa_user_token` WHERE  `token` = '55b740ffc4211b9cce3cd657f8384af702b49073' LIMIT 1 [ RunTime:0.115404s ]
[ sql ] [ SQL ] SHOW COLUMNS FROM `fa_user` [ RunTime:0.182155s ]
[ sql ] [ SQL ] SELECT * FROM `fa_user` WHERE  `id` = 1 LIMIT 1 [ RunTime:0.260039s ]
[ sql ] [ SQL ] SHOW COLUMNS FROM `fa_cms_channel` [ RunTime:0.101476s ]
[ sql ] [ SQL ] SELECT `id`,`name`,`image`,`diyname`,`items` FROM `fa_cms_channel` WHERE  `id` IN (59,56,53) [ RunTime:0.123934s ]
---------------------------------------------------------------
[ 2018-11-20T09:23:01+08:00 ] 127.0.0.1 GET /assets/plugin/swiper/swiper.min.js.map
[ info ] fastadmin3.api.com:8084/assets/plugin/swiper/swiper.min.js.map [运行时间：0.474188s][吞吐率：2.11req/s] [内存消耗：1,719.66kb] [文件加载：52]
[ info ] [ BEHAVIOR ] Run Closure @app_init [ RunTime:0.000379s ]
[ info ] [ CACHE ] INIT File
[ info ] [ BEHAVIOR ] Run Closure @app_init [ RunTime:0.013520s ]
[ info ] [ LANG ] D:\phpstudy\PHPTutorial\WWW\fastadmin_new2\thinkphp\lang\zh-cn.php
[ info ] [ ROUTE ] array (
  'type' => 'module',
  'module' => 
  array (
    0 => 'assets',
    1 => 'plugin',
    2 => 'swiper',
  ),
)
[ info ] [ HEADER ] array (
  'cookie' => 'PHPSESSID=cntrcvmotarru3iv7pnadr5g66; uid=1; token=e17c874d-db48-4590-9ce9-ba6f88698692',
  'accept-language' => 'zh-CN,zh;q=0.9',
  'accept-encoding' => 'gzip, deflate',
  'user-agent' => 'Mozilla/5.0 (Windows NT 10.0; Win64; x64) AppleWebKit/537.36 (KHTML, like Gecko) Chrome/70.0.3538.77 Safari/537.36',
  'connection' => 'close',
  'host' => 'fastadmin3.api.com:8084',
)
[ info ] [ PARAM ] array (
)
[ info ] [ LOG ] INIT File
---------------------------------------------------------------
[ 2018-11-20T09:23:02+08:00 ] 127.0.0.1 GET /undefined
[ info ] fastadmin3.api.com:8084/undefined [运行时间：0.448908s][吞吐率：2.23req/s] [内存消耗：1,720.05kb] [文件加载：52]
[ info ] [ BEHAVIOR ] Run Closure @app_init [ RunTime:0.000257s ]
[ info ] [ CACHE ] INIT File
[ info ] [ BEHAVIOR ] Run Closure @app_init [ RunTime:0.007395s ]
[ info ] [ LANG ] D:\phpstudy\PHPTutorial\WWW\fastadmin_new2\thinkphp\lang\zh-cn.php
[ info ] [ ROUTE ] array (
  'type' => 'module',
  'module' => 
  array (
    0 => 'undefined',
    1 => NULL,
    2 => NULL,
  ),
)
[ info ] [ HEADER ] array (
  'cookie' => 'PHPSESSID=cntrcvmotarru3iv7pnadr5g66; uid=1; token=e17c874d-db48-4590-9ce9-ba6f88698692',
  'accept-language' => 'zh-CN,zh;q=0.9',
  'accept-encoding' => 'gzip, deflate',
  'referer' => 'http://fastadmin3.api.com:8084/',
  'accept' => 'image/webp,image/apng,image/*,*/*;q=0.8',
  'user-agent' => 'Mozilla/5.0 (Windows NT 10.0; Win64; x64) AppleWebKit/537.36 (KHTML, like Gecko) Chrome/70.0.3538.77 Safari/537.36',
  'connection' => 'close',
  'host' => 'fastadmin3.api.com:8084',
)
[ info ] [ PARAM ] array (
)
[ info ] [ LOG ] INIT File
---------------------------------------------------------------
[ 2018-11-20T09:23:03+08:00 ] 127.0.0.1 GET /c/circle.html
[ info ] fastadmin3.api.com:8084/c/circle.html [运行时间：2.436735s][吞吐率：0.41req/s] [内存消耗：4,037.72kb] [文件加载：92]
[ info ] [ BEHAVIOR ] Run Closure @app_init [ RunTime:0.000110s ]
[ info ] [ CACHE ] INIT File
[ info ] [ BEHAVIOR ] Run Closure @app_init [ RunTime:0.009339s ]
[ info ] [ LANG ] D:\phpstudy\PHPTutorial\WWW\fastadmin_new2\thinkphp\lang\zh-cn.php
[ info ] [ ROUTE ] array (
  'type' => 'method',
  'method' => 
  array (
    0 => '\\think\\addons\\Route',
    1 => 'execute',
  ),
  'var' => 
  array (
    'addon' => 'cms',
    'controller' => 'channel',
    'action' => 'index',
  ),
)
[ info ] [ HEADER ] array (
  'cookie' => 'PHPSESSID=cntrcvmotarru3iv7pnadr5g66; uid=1; token=e17c874d-db48-4590-9ce9-ba6f88698692',
  'accept-language' => 'zh-CN,zh;q=0.9',
  'accept-encoding' => 'gzip, deflate',
  'referer' => 'http://fastadmin3.api.com:8084/',
  'accept' => 'text/html,application/xhtml+xml,application/xml;q=0.9,image/webp,image/apng,*/*;q=0.8',
  'user-agent' => 'Mozilla/5.0 (Windows NT 10.0; Win64; x64) AppleWebKit/537.36 (KHTML, like Gecko) Chrome/70.0.3538.77 Safari/537.36',
  'upgrade-insecure-requests' => '1',
  'connection' => 'close',
  'host' => 'fastadmin3.api.com:8084',
)
[ info ] [ PARAM ] array (
  'diyname' => 'circle',
)
[ info ] [ RUN ] think\addons\Route->execute[ D:\phpstudy\PHPTutorial\WWW\fastadmin_new2\vendor\karsonzhang\fastadmin-addons\src\addons\Route.php ]
[ info ] [ LANG ] D:\phpstudy\PHPTutorial\WWW\fastadmin_new2\public/../application/common\lang\zh-cn\addon.php
[ info ] [ BEHAVIOR ] Run app\common\behavior\Common @addon_begin [ RunTime:0.004841s ]
[ info ] [ LANG ] D:\phpstudy\PHPTutorial\WWW\fastadmin_new2\addons\cms\lang\zh-cn.php
[ info ] [ TOKEN ] INIT Mysql
[ info ] [ DB ] INIT mysql
[ info ] [ VIEW ] D:\phpstudy\PHPTutorial\WWW\fastadmin_new2\addons\cms\view\new\circle.html [ array (
  0 => 'config',
  1 => 'user',
  2 => 'site',
  3 => '__CHANNEL__',
  4 => '__FILTERLIST__',
  5 => '__ORDERLIST__',
  6 => '__PAGELIST__',
) ]
[ info ] [ LOG ] INIT File
[ sql ] [ DB ] CONNECT:[ UseTime:0.189466s ] mysql:host=www.linkben.com;dbname=fastadmin_lzs2;charset=utf8
[ sql ] [ SQL ] SHOW COLUMNS FROM `fa_user_token` [ RunTime:0.129002s ]
[ sql ] [ SQL ] SELECT * FROM `fa_user_token` WHERE  `token` = '55b740ffc4211b9cce3cd657f8384af702b49073' LIMIT 1 [ RunTime:0.190162s ]
[ sql ] [ SQL ] SHOW COLUMNS FROM `fa_user` [ RunTime:0.105631s ]
[ sql ] [ SQL ] SELECT * FROM `fa_user` WHERE  `id` = 1 LIMIT 1 [ RunTime:0.121830s ]
[ sql ] [ SQL ] SHOW COLUMNS FROM `fa_cms_channel` [ RunTime:0.108646s ]
[ sql ] [ SQL ] SELECT * FROM `fa_cms_channel` WHERE  `diyname` = 'circle' LIMIT 1 [ RunTime:0.137391s ]
[ sql ] [ SQL ] SHOW COLUMNS FROM `fa_cms_model` [ RunTime:0.116805s ]
[ sql ] [ SQL ] SELECT * FROM `fa_cms_model` WHERE  `id` = 1 LIMIT 1 [ RunTime:0.138296s ]
[ sql ] [ SQL ] SHOW COLUMNS FROM `fa_cms_addonnews` [ RunTime:0.103397s ]
[ sql ] [ SQL ] SHOW COLUMNS FROM `fa_cms_archives` [ RunTime:0.104894s ]
[ sql ] [ SQL ] SELECT COUNT(*) AS tp_count FROM `fa_cms_archives` `a` LEFT JOIN `fa_cms_addonnews` `n` ON `a`.`id`=`n`.`id` WHERE  `status` = 'normal'  AND ( `deletetime` IS NULL )  AND `channel_id` = 58 LIMIT 1 [ RunTime:0.122345s ]
[ sql ] [ SQL ] SELECT `a`.*,`n`.`author`,`n`.`area`,`n`.`device` FROM `fa_cms_archives` `a` LEFT JOIN `fa_cms_addonnews` `n` ON `a`.`id`=`n`.`id` WHERE  `status` = 'normal'  AND ( `deletetime` IS NULL )  AND `channel_id` = 58 ORDER BY `weigh` DESC LIMIT 0,10 [ RunTime:0.116492s ]
[ sql ] [ SQL ] SELECT `id`,`name`,`image`,`diyname`,`items` FROM `fa_cms_channel` WHERE  `id` IN (59) [ RunTime:0.112775s ]
[ sql ] [ SQL ] SELECT `id`,`name`,`image`,`diyname`,`items` FROM `fa_cms_channel` WHERE  `id` IN (59,56,53) [ RunTime:0.118758s ]
[ sql ] [ SQL ] SELECT `id`,`name`,`image`,`diyname`,`items` FROM `fa_cms_channel` WHERE  `id` IN (56,53,59) [ RunTime:0.110668s ]
---------------------------------------------------------------
[ 2018-11-20T09:23:04+08:00 ] 127.0.0.1 GET /uploads/20181030/733cabb345dd5748a7e5c013393b7614.png
[ info ] fastadmin3.api.com:8084/uploads/20181030/733cabb345dd5748a7e5c013393b7614.png [运行时间：0.463872s][吞吐率：2.16req/s] [内存消耗：1,720.41kb] [文件加载：52]
[ info ] [ BEHAVIOR ] Run Closure @app_init [ RunTime:0.000071s ]
[ info ] [ CACHE ] INIT File
[ info ] [ BEHAVIOR ] Run Closure @app_init [ RunTime:0.010095s ]
[ info ] [ LANG ] D:\phpstudy\PHPTutorial\WWW\fastadmin_new2\thinkphp\lang\zh-cn.php
[ info ] [ ROUTE ] array (
  'type' => 'module',
  'module' => 
  array (
    0 => 'uploads',
    1 => '20181030',
    2 => '733cabb345dd5748a7e5c013393b7614.png',
  ),
)
[ info ] [ HEADER ] array (
  'cookie' => 'PHPSESSID=cntrcvmotarru3iv7pnadr5g66; uid=1; token=e17c874d-db48-4590-9ce9-ba6f88698692',
  'accept-language' => 'zh-CN,zh;q=0.9',
  'accept-encoding' => 'gzip, deflate',
  'referer' => 'http://fastadmin3.api.com:8084/c/circle.html',
  'accept' => 'image/webp,image/apng,image/*,*/*;q=0.8',
  'user-agent' => 'Mozilla/5.0 (Windows NT 10.0; Win64; x64) AppleWebKit/537.36 (KHTML, like Gecko) Chrome/70.0.3538.77 Safari/537.36',
  'connection' => 'close',
  'host' => 'fastadmin3.api.com:8084',
)
[ info ] [ PARAM ] array (
)
[ info ] [ LOG ] INIT File
---------------------------------------------------------------
[ 2018-11-20T09:23:04+08:00 ] 127.0.0.1 GET /assets/plugin/swiper/swiper.min.js.map
[ info ] fastadmin3.api.com:8084/assets/plugin/swiper/swiper.min.js.map [运行时间：0.448598s][吞吐率：2.23req/s] [内存消耗：1,719.52kb] [文件加载：52]
[ info ] [ BEHAVIOR ] Run Closure @app_init [ RunTime:0.000076s ]
[ info ] [ CACHE ] INIT File
[ info ] [ BEHAVIOR ] Run Closure @app_init [ RunTime:0.007375s ]
[ info ] [ LANG ] D:\phpstudy\PHPTutorial\WWW\fastadmin_new2\thinkphp\lang\zh-cn.php
[ info ] [ ROUTE ] array (
  'type' => 'module',
  'module' => 
  array (
    0 => 'assets',
    1 => 'plugin',
    2 => 'swiper',
  ),
)
[ info ] [ HEADER ] array (
  'cookie' => 'PHPSESSID=cntrcvmotarru3iv7pnadr5g66; uid=1; token=e17c874d-db48-4590-9ce9-ba6f88698692',
  'accept-language' => 'zh-CN,zh;q=0.9',
  'accept-encoding' => 'gzip, deflate',
  'user-agent' => 'Mozilla/5.0 (Windows NT 10.0; Win64; x64) AppleWebKit/537.36 (KHTML, like Gecko) Chrome/70.0.3538.77 Safari/537.36',
  'connection' => 'close',
  'host' => 'fastadmin3.api.com:8084',
)
[ info ] [ PARAM ] array (
)
[ info ] [ LOG ] INIT File
---------------------------------------------------------------
[ 2018-11-20T23:02:59+08:00 ] 127.0.0.1 GET /
[ info ] fastadmin3.api.com:8084/ [运行时间：1.434233s][吞吐率：0.70req/s] [内存消耗：3,831.26kb] [文件加载：88]
[ info ] [ BEHAVIOR ] Run Closure @app_init [ RunTime:0.002492s ]
[ info ] [ CACHE ] INIT File
[ info ] [ BEHAVIOR ] Run Closure @app_init [ RunTime:0.018520s ]
[ info ] [ LANG ] D:\phpstudy\PHPTutorial\WWW\fastadmin_new2\thinkphp\lang\zh-cn.php
[ info ] [ ROUTE ] array (
  'type' => 'method',
  'method' => 
  array (
    0 => '\\think\\addons\\Route',
    1 => 'execute',
  ),
  'var' => 
  array (
    'addon' => 'cms',
    'controller' => 'index',
    'action' => 'index',
  ),
)
[ info ] [ HEADER ] array (
  'cookie' => 'PHPSESSID=cntrcvmotarru3iv7pnadr5g66; uid=1; token=e17c874d-db48-4590-9ce9-ba6f88698692',
  'accept-language' => 'zh-CN,zh;q=0.9',
  'accept-encoding' => 'gzip, deflate',
  'accept' => 'text/html,application/xhtml+xml,application/xml;q=0.9,image/webp,image/apng,*/*;q=0.8',
  'user-agent' => 'Mozilla/5.0 (Windows NT 10.0; Win64; x64) AppleWebKit/537.36 (KHTML, like Gecko) Chrome/70.0.3538.77 Safari/537.36',
  'upgrade-insecure-requests' => '1',
  'connection' => 'close',
  'host' => 'fastadmin3.api.com:8084',
)
[ info ] [ PARAM ] array (
)
[ info ] [ RUN ] think\addons\Route->execute[ D:\phpstudy\PHPTutorial\WWW\fastadmin_new2\vendor\karsonzhang\fastadmin-addons\src\addons\Route.php ]
[ info ] [ LANG ] D:\phpstudy\PHPTutorial\WWW\fastadmin_new2\public/../application/common\lang\zh-cn\addon.php
[ info ] [ BEHAVIOR ] Run app\common\behavior\Common @addon_begin [ RunTime:0.006776s ]
[ info ] [ LANG ] D:\phpstudy\PHPTutorial\WWW\fastadmin_new2\addons\cms\lang\zh-cn.php
[ info ] [ TOKEN ] INIT Mysql
[ info ] [ DB ] INIT mysql
[ info ] [ VIEW ] D:\phpstudy\PHPTutorial\WWW\fastadmin_new2\addons\cms\view\new\index.html [ array (
  0 => 'config',
  1 => 'user',
  2 => 'site',
  3 => '__CHANNEL__',
) ]
[ info ] [ LOG ] INIT File
[ sql ] [ DB ] CONNECT:[ UseTime:0.191407s ] mysql:host=www.linkben.com;dbname=fastadmin_lzs2;charset=utf8
[ sql ] [ SQL ] SHOW COLUMNS FROM `fa_user_token` [ RunTime:0.091530s ]
[ sql ] [ SQL ] SELECT * FROM `fa_user_token` WHERE  `token` = '55b740ffc4211b9cce3cd657f8384af702b49073' LIMIT 1 [ RunTime:0.092678s ]
[ sql ] [ SQL ] SHOW COLUMNS FROM `fa_user` [ RunTime:0.094863s ]
[ sql ] [ SQL ] SELECT * FROM `fa_user` WHERE  `id` = 1 LIMIT 1 [ RunTime:0.145706s ]
[ sql ] [ SQL ] SHOW COLUMNS FROM `fa_cms_channel` [ RunTime:0.088872s ]
[ sql ] [ SQL ] SELECT `id`,`name`,`image`,`diyname`,`items` FROM `fa_cms_channel` WHERE  `id` IN (59,56,53) [ RunTime:0.091352s ]
[ sql ] [ SQL ] SELECT `id`,`name`,`image`,`diyname`,`items` FROM `fa_cms_channel` WHERE  `id` IN (56,53,59) [ RunTime:0.089434s ]
---------------------------------------------------------------
[ 2018-11-20T23:03:00+08:00 ] 127.0.0.1 GET /uploads/20181030/733cabb345dd5748a7e5c013393b7614.png
[ info ] fastadmin3.api.com:8084/uploads/20181030/733cabb345dd5748a7e5c013393b7614.png [运行时间：0.489308s][吞吐率：2.04req/s] [内存消耗：1,720.45kb] [文件加载：52]
[ info ] [ BEHAVIOR ] Run Closure @app_init [ RunTime:0.000125s ]
[ info ] [ CACHE ] INIT File
[ info ] [ BEHAVIOR ] Run Closure @app_init [ RunTime:0.015205s ]
[ info ] [ LANG ] D:\phpstudy\PHPTutorial\WWW\fastadmin_new2\thinkphp\lang\zh-cn.php
[ info ] [ ROUTE ] array (
  'type' => 'module',
  'module' => 
  array (
    0 => 'uploads',
    1 => '20181030',
    2 => '733cabb345dd5748a7e5c013393b7614.png',
  ),
)
[ info ] [ HEADER ] array (
  'cookie' => 'PHPSESSID=cntrcvmotarru3iv7pnadr5g66; uid=1; token=e17c874d-db48-4590-9ce9-ba6f88698692',
  'accept-language' => 'zh-CN,zh;q=0.9',
  'accept-encoding' => 'gzip, deflate',
  'referer' => 'http://fastadmin3.api.com:8084/',
  'accept' => 'image/webp,image/apng,image/*,*/*;q=0.8',
  'user-agent' => 'Mozilla/5.0 (Windows NT 10.0; Win64; x64) AppleWebKit/537.36 (KHTML, like Gecko) Chrome/70.0.3538.77 Safari/537.36',
  'connection' => 'close',
  'host' => 'fastadmin3.api.com:8084',
)
[ info ] [ PARAM ] array (
)
[ info ] [ LOG ] INIT File
---------------------------------------------------------------
[ 2018-11-20T23:03:02+08:00 ] 127.0.0.1 POST /addons/cms/wxapp.archives/index
[ info ] fastadmin3.api.com:8084/addons/cms/wxapp.archives/index [运行时间：1.152692s][吞吐率：0.87req/s] [内存消耗：3,793.93kb] [文件加载：88]
[ info ] [ BEHAVIOR ] Run Closure @app_init [ RunTime:0.000072s ]
[ info ] [ CACHE ] INIT File
[ info ] [ BEHAVIOR ] Run Closure @app_init [ RunTime:0.009684s ]
[ info ] [ LANG ] D:\phpstudy\PHPTutorial\WWW\fastadmin_new2\thinkphp\lang\zh-cn.php
[ info ] [ ROUTE ] array (
  'type' => 'method',
  'method' => 
  array (
    0 => '\\think\\addons\\Route',
    1 => 'execute',
  ),
  'var' => 
  array (
  ),
)
[ info ] [ HEADER ] array (
  'cookie' => 'PHPSESSID=cntrcvmotarru3iv7pnadr5g66; uid=1; token=e17c874d-db48-4590-9ce9-ba6f88698692',
  'accept-language' => 'zh-CN,zh;q=0.9',
  'accept-encoding' => 'gzip, deflate',
  'referer' => 'http://fastadmin3.api.com:8084/',
  'content-type' => 'application/x-www-form-urlencoded; charset=UTF-8',
  'user-agent' => 'Mozilla/5.0 (Windows NT 10.0; Win64; x64) AppleWebKit/537.36 (KHTML, like Gecko) Chrome/70.0.3538.77 Safari/537.36',
  'x-requested-with' => 'XMLHttpRequest',
  'origin' => 'http://fastadmin3.api.com:8084',
  'accept' => '*/*',
  'content-length' => '6',
  'connection' => 'close',
  'host' => 'fastadmin3.api.com:8084',
)
[ info ] [ PARAM ] array (
  'page' => '1',
  'addon' => 'cms',
  'controller' => 'wxapp.archives',
  'action' => 'index',
)
[ info ] [ RUN ] think\addons\Route->execute[ D:\phpstudy\PHPTutorial\WWW\fastadmin_new2\vendor\karsonzhang\fastadmin-addons\src\addons\Route.php ]
[ info ] [ LANG ] D:\phpstudy\PHPTutorial\WWW\fastadmin_new2\public/../application/common\lang\zh-cn\addon.php
[ info ] [ BEHAVIOR ] Run app\common\behavior\Common @addon_begin [ RunTime:0.006088s ]
[ info ] [ TOKEN ] INIT Mysql
[ info ] [ DB ] INIT mysql
[ info ] [ LANG ] D:\phpstudy\PHPTutorial\WWW\fastadmin_new2\/addons/cms/lang/zh-cn.php
[ info ] [ LANG ] D:\phpstudy\PHPTutorial\WWW\fastadmin_new2\public/../application//index/lang/zh-cn/user.php
[ info ] [ LOG ] INIT File
[ sql ] [ DB ] CONNECT:[ UseTime:0.131905s ] mysql:host=www.linkben.com;dbname=fastadmin_lzs2;charset=utf8
[ sql ] [ SQL ] SHOW COLUMNS FROM `fa_user_token` [ RunTime:0.087492s ]
[ sql ] [ SQL ] SELECT * FROM `fa_user_token` WHERE  `token` = '55b740ffc4211b9cce3cd657f8384af702b49073' LIMIT 1 [ RunTime:0.086193s ]
[ sql ] [ SQL ] SHOW COLUMNS FROM `fa_user` [ RunTime:0.089344s ]
[ sql ] [ SQL ] SELECT * FROM `fa_user` WHERE  `id` = 1 LIMIT 1 [ RunTime:0.155015s ]
[ sql ] [ SQL ] SHOW COLUMNS FROM `fa_cms_channel` [ RunTime:0.088848s ]
[ sql ] [ SQL ] SELECT `id`,`name`,`image`,`diyname`,`items` FROM `fa_cms_channel` WHERE  `id` IN (59,56,53) [ RunTime:0.089308s ]
---------------------------------------------------------------
[ 2018-11-20T23:03:04+08:00 ] 127.0.0.1 GET /undefined
[ info ] fastadmin3.api.com:8084/undefined [运行时间：0.480453s][吞吐率：2.08req/s] [内存消耗：1,720.09kb] [文件加载：52]
[ info ] [ BEHAVIOR ] Run Closure @app_init [ RunTime:0.000293s ]
[ info ] [ CACHE ] INIT File
[ info ] [ BEHAVIOR ] Run Closure @app_init [ RunTime:0.010806s ]
[ info ] [ LANG ] D:\phpstudy\PHPTutorial\WWW\fastadmin_new2\thinkphp\lang\zh-cn.php
[ info ] [ ROUTE ] array (
  'type' => 'module',
  'module' => 
  array (
    0 => 'undefined',
    1 => NULL,
    2 => NULL,
  ),
)
[ info ] [ HEADER ] array (
  'cookie' => 'PHPSESSID=cntrcvmotarru3iv7pnadr5g66; uid=1; token=e17c874d-db48-4590-9ce9-ba6f88698692',
  'accept-language' => 'zh-CN,zh;q=0.9',
  'accept-encoding' => 'gzip, deflate',
  'referer' => 'http://fastadmin3.api.com:8084/',
  'accept' => 'image/webp,image/apng,image/*,*/*;q=0.8',
  'user-agent' => 'Mozilla/5.0 (Windows NT 10.0; Win64; x64) AppleWebKit/537.36 (KHTML, like Gecko) Chrome/70.0.3538.77 Safari/537.36',
  'connection' => 'close',
  'host' => 'fastadmin3.api.com:8084',
)
[ info ] [ PARAM ] array (
)
[ info ] [ LOG ] INIT File
---------------------------------------------------------------
[ 2018-11-20T23:03:07+08:00 ] 127.0.0.1 GET /c/circle.html
[ info ] fastadmin3.api.com:8084/c/circle.html [运行时间：4.152953s][吞吐率：0.24req/s] [内存消耗：4,037.78kb] [文件加载：92]
[ info ] [ BEHAVIOR ] Run Closure @app_init [ RunTime:0.000079s ]
[ info ] [ CACHE ] INIT File
[ info ] [ BEHAVIOR ] Run Closure @app_init [ RunTime:0.009126s ]
[ info ] [ LANG ] D:\phpstudy\PHPTutorial\WWW\fastadmin_new2\thinkphp\lang\zh-cn.php
[ info ] [ ROUTE ] array (
  'type' => 'method',
  'method' => 
  array (
    0 => '\\think\\addons\\Route',
    1 => 'execute',
  ),
  'var' => 
  array (
    'addon' => 'cms',
    'controller' => 'channel',
    'action' => 'index',
  ),
)
[ info ] [ HEADER ] array (
  'cookie' => 'PHPSESSID=cntrcvmotarru3iv7pnadr5g66; uid=1; token=e17c874d-db48-4590-9ce9-ba6f88698692',
  'accept-language' => 'zh-CN,zh;q=0.9',
  'accept-encoding' => 'gzip, deflate',
  'referer' => 'http://fastadmin3.api.com:8084/',
  'accept' => 'text/html,application/xhtml+xml,application/xml;q=0.9,image/webp,image/apng,*/*;q=0.8',
  'user-agent' => 'Mozilla/5.0 (Windows NT 10.0; Win64; x64) AppleWebKit/537.36 (KHTML, like Gecko) Chrome/70.0.3538.77 Safari/537.36',
  'upgrade-insecure-requests' => '1',
  'connection' => 'close',
  'host' => 'fastadmin3.api.com:8084',
)
[ info ] [ PARAM ] array (
  'diyname' => 'circle',
)
[ info ] [ RUN ] think\addons\Route->execute[ D:\phpstudy\PHPTutorial\WWW\fastadmin_new2\vendor\karsonzhang\fastadmin-addons\src\addons\Route.php ]
[ info ] [ LANG ] D:\phpstudy\PHPTutorial\WWW\fastadmin_new2\public/../application/common\lang\zh-cn\addon.php
[ info ] [ BEHAVIOR ] Run app\common\behavior\Common @addon_begin [ RunTime:0.004173s ]
[ info ] [ LANG ] D:\phpstudy\PHPTutorial\WWW\fastadmin_new2\addons\cms\lang\zh-cn.php
[ info ] [ TOKEN ] INIT Mysql
[ info ] [ DB ] INIT mysql
[ info ] [ VIEW ] D:\phpstudy\PHPTutorial\WWW\fastadmin_new2\addons\cms\view\new\circle.html [ array (
  0 => 'config',
  1 => 'user',
  2 => 'site',
  3 => '__CHANNEL__',
  4 => '__FILTERLIST__',
  5 => '__ORDERLIST__',
  6 => '__PAGELIST__',
) ]
[ info ] [ LOG ] INIT File
[ sql ] [ DB ] CONNECT:[ UseTime:0.134822s ] mysql:host=www.linkben.com;dbname=fastadmin_lzs2;charset=utf8
[ sql ] [ SQL ] SHOW COLUMNS FROM `fa_user_token` [ RunTime:0.090035s ]
[ sql ] [ SQL ] SELECT * FROM `fa_user_token` WHERE  `token` = '55b740ffc4211b9cce3cd657f8384af702b49073' LIMIT 1 [ RunTime:0.090586s ]
[ sql ] [ SQL ] SHOW COLUMNS FROM `fa_user` [ RunTime:0.341028s ]
[ sql ] [ SQL ] SELECT * FROM `fa_user` WHERE  `id` = 1 LIMIT 1 [ RunTime:0.152974s ]
[ sql ] [ SQL ] SHOW COLUMNS FROM `fa_cms_channel` [ RunTime:0.093293s ]
[ sql ] [ SQL ] SELECT * FROM `fa_cms_channel` WHERE  `diyname` = 'circle' LIMIT 1 [ RunTime:0.409253s ]
[ sql ] [ SQL ] SHOW COLUMNS FROM `fa_cms_model` [ RunTime:0.590823s ]
[ sql ] [ SQL ] SELECT * FROM `fa_cms_model` WHERE  `id` = 1 LIMIT 1 [ RunTime:0.336918s ]
[ sql ] [ SQL ] SHOW COLUMNS FROM `fa_cms_addonnews` [ RunTime:0.091617s ]
[ sql ] [ SQL ] SHOW COLUMNS FROM `fa_cms_archives` [ RunTime:0.339160s ]
[ sql ] [ SQL ] SELECT COUNT(*) AS tp_count FROM `fa_cms_archives` `a` LEFT JOIN `fa_cms_addonnews` `n` ON `a`.`id`=`n`.`id` WHERE  `status` = 'normal'  AND ( `deletetime` IS NULL )  AND `channel_id` = 58 LIMIT 1 [ RunTime:0.336333s ]
[ sql ] [ SQL ] SELECT `a`.*,`n`.`author`,`n`.`area`,`n`.`device` FROM `fa_cms_archives` `a` LEFT JOIN `fa_cms_addonnews` `n` ON `a`.`id`=`n`.`id` WHERE  `status` = 'normal'  AND ( `deletetime` IS NULL )  AND `channel_id` = 58 ORDER BY `weigh` DESC LIMIT 0,10 [ RunTime:0.426896s ]
[ sql ] [ SQL ] SELECT `id`,`name`,`image`,`diyname`,`items` FROM `fa_cms_channel` WHERE  `id` IN (59) [ RunTime:0.090612s ]
[ sql ] [ SQL ] SELECT `id`,`name`,`image`,`diyname`,`items` FROM `fa_cms_channel` WHERE  `id` IN (59,56,53) [ RunTime:0.089413s ]
[ sql ] [ SQL ] SELECT `id`,`name`,`image`,`diyname`,`items` FROM `fa_cms_channel` WHERE  `id` IN (56,53,59) [ RunTime:0.089235s ]
---------------------------------------------------------------
[ 2018-11-20T23:03:08+08:00 ] 127.0.0.1 GET /uploads/20181030/733cabb345dd5748a7e5c013393b7614.png
[ info ] fastadmin3.api.com:8084/uploads/20181030/733cabb345dd5748a7e5c013393b7614.png [运行时间：0.465160s][吞吐率：2.15req/s] [内存消耗：1,720.46kb] [文件加载：52]
[ info ] [ BEHAVIOR ] Run Closure @app_init [ RunTime:0.000072s ]
[ info ] [ CACHE ] INIT File
[ info ] [ BEHAVIOR ] Run Closure @app_init [ RunTime:0.007172s ]
[ info ] [ LANG ] D:\phpstudy\PHPTutorial\WWW\fastadmin_new2\thinkphp\lang\zh-cn.php
[ info ] [ ROUTE ] array (
  'type' => 'module',
  'module' => 
  array (
    0 => 'uploads',
    1 => '20181030',
    2 => '733cabb345dd5748a7e5c013393b7614.png',
  ),
)
[ info ] [ HEADER ] array (
  'cookie' => 'PHPSESSID=cntrcvmotarru3iv7pnadr5g66; uid=1; token=e17c874d-db48-4590-9ce9-ba6f88698692',
  'accept-language' => 'zh-CN,zh;q=0.9',
  'accept-encoding' => 'gzip, deflate',
  'referer' => 'http://fastadmin3.api.com:8084/c/circle.html',
  'accept' => 'image/webp,image/apng,image/*,*/*;q=0.8',
  'user-agent' => 'Mozilla/5.0 (Windows NT 10.0; Win64; x64) AppleWebKit/537.36 (KHTML, like Gecko) Chrome/70.0.3538.77 Safari/537.36',
  'connection' => 'close',
  'host' => 'fastadmin3.api.com:8084',
)
[ info ] [ PARAM ] array (
)
[ info ] [ LOG ] INIT File
---------------------------------------------------------------
[ 2018-11-20T23:03:14+08:00 ] 127.0.0.1 GET /admin.php/addon?ref=addtabs
[ info ] fastadmin3.api.com:8084/admin.php/addon?ref=addtabs [运行时间：1.623031s][吞吐率：0.62req/s] [内存消耗：3,543.21kb] [文件加载：75]
[ info ] [ BEHAVIOR ] Run Closure @app_init [ RunTime:0.000072s ]
[ info ] [ CACHE ] INIT File
[ info ] [ BEHAVIOR ] Run Closure @app_init [ RunTime:0.006232s ]
[ info ] [ LANG ] D:\phpstudy\PHPTutorial\WWW\fastadmin_new2\thinkphp\lang\zh-cn.php
[ info ] [ ROUTE ] array (
  'type' => 'module',
  'module' => 
  array (
    0 => 'admin',
    1 => 'addon',
    2 => NULL,
  ),
)
[ info ] [ HEADER ] array (
  'cookie' => 'PHPSESSID=cntrcvmotarru3iv7pnadr5g66; uid=1; token=e17c874d-db48-4590-9ce9-ba6f88698692',
  'accept-language' => 'zh-CN,zh;q=0.9',
  'accept-encoding' => 'gzip, deflate',
  'accept' => 'text/html,application/xhtml+xml,application/xml;q=0.9,image/webp,image/apng,*/*;q=0.8',
  'user-agent' => 'Mozilla/5.0 (Windows NT 10.0; Win64; x64) AppleWebKit/537.36 (KHTML, like Gecko) Chrome/70.0.3538.77 Safari/537.36',
  'upgrade-insecure-requests' => '1',
  'connection' => 'close',
  'host' => 'fastadmin3.api.com:8084',
)
[ info ] [ PARAM ] array (
  'ref' => 'addtabs',
)
[ info ] [ LANG ] D:\phpstudy\PHPTutorial\WWW\fastadmin_new2\public/../application/admin\lang\zh-cn.php
[ info ] [ BEHAVIOR ] Run app\common\behavior\Common @module_init [ RunTime:0.002223s ]
[ info ] [ SESSION ] INIT array (
  'id' => '',
  'var_session_id' => '',
  'prefix' => 'think',
  'type' => '',
  'auto_start' => true,
)
[ info ] [ DB ] INIT mysql
[ info ] [ BEHAVIOR ] Run app\admin\behavior\AdminLog @app_end [ RunTime:0.000889s ]
[ info ] [ LOG ] INIT File
[ sql ] [ DB ] CONNECT:[ UseTime:0.135446s ] mysql:host=www.linkben.com;dbname=fastadmin_lzs2;charset=utf8
[ sql ] [ SQL ] SHOW COLUMNS FROM `fa_auth_group_access` [ RunTime:0.821517s ]
[ sql ] [ SQL ] SELECT `aga`.`uid`,`aga`.`group_id`,`ag`.`id`,`ag`.`pid`,`ag`.`name`,`ag`.`rules` FROM `fa_auth_group_access` `aga` LEFT JOIN `fa_auth_group` `ag` ON `aga`.`group_id`=`ag`.`id` WHERE  (  aga.uid='1' and ag.status='normal' ) [ RunTime:0.088534s ]
[ sql ] [ SQL ] SHOW COLUMNS FROM `fa_auth_rule` [ RunTime:0.090098s ]
[ sql ] [ SQL ] SELECT `id`,`pid`,`condition`,`icon`,`name`,`title`,`ismenu` FROM `fa_auth_rule` WHERE  `status` = 'normal' [ RunTime:0.180491s ]
---------------------------------------------------------------
[ 2018-11-20T23:03:19+08:00 ] 127.0.0.1 GET /admin.php/index/index
[ info ] fastadmin3.api.com:8084/admin.php/index/index [运行时间：4.845858s][吞吐率：0.21req/s] [内存消耗：4,276.94kb] [文件加载：93]
[ info ] [ BEHAVIOR ] Run Closure @app_init [ RunTime:0.000076s ]
[ info ] [ CACHE ] INIT File
[ info ] [ BEHAVIOR ] Run Closure @app_init [ RunTime:0.007815s ]
[ info ] [ LANG ] D:\phpstudy\PHPTutorial\WWW\fastadmin_new2\thinkphp\lang\zh-cn.php
[ info ] [ ROUTE ] array (
  'type' => 'module',
  'module' => 
  array (
    0 => 'admin',
    1 => 'index',
    2 => 'index',
  ),
)
[ info ] [ HEADER ] array (
  'cookie' => 'PHPSESSID=cntrcvmotarru3iv7pnadr5g66; uid=1; token=e17c874d-db48-4590-9ce9-ba6f88698692',
  'accept-language' => 'zh-CN,zh;q=0.9',
  'accept-encoding' => 'gzip, deflate',
  'accept' => 'text/html,application/xhtml+xml,application/xml;q=0.9,image/webp,image/apng,*/*;q=0.8',
  'user-agent' => 'Mozilla/5.0 (Windows NT 10.0; Win64; x64) AppleWebKit/537.36 (KHTML, like Gecko) Chrome/70.0.3538.77 Safari/537.36',
  'upgrade-insecure-requests' => '1',
  'connection' => 'close',
  'host' => 'fastadmin3.api.com:8084',
)
[ info ] [ PARAM ] array (
)
[ info ] [ LANG ] D:\phpstudy\PHPTutorial\WWW\fastadmin_new2\public/../application/admin\lang\zh-cn.php
[ info ] [ BEHAVIOR ] Run app\common\behavior\Common @module_init [ RunTime:0.002766s ]
[ info ] [ SESSION ] INIT array (
  'id' => '',
  'var_session_id' => '',
  'prefix' => 'think',
  'type' => '',
  'auto_start' => true,
)
[ info ] [ BEHAVIOR ] Run \addons\qcloudsms\Qcloudsms @config_init [ RunTime:0.001522s ]
[ info ] [ LANG ] D:\phpstudy\PHPTutorial\WWW\fastadmin_new2\public/../application/admin/lang/zh-cn/index.php
[ info ] [ RUN ] app\admin\controller\Index->index[ D:\phpstudy\PHPTutorial\WWW\fastadmin_new2\application\admin\controller\Index.php ]
[ info ] [ DB ] INIT mysql
[ info ] [ VIEW ] D:\phpstudy\PHPTutorial\WWW\fastadmin_new2\public/../application/admin\view\index\index.html [ array (
  0 => 'breadcrumb',
  1 => 'site',
  2 => 'config',
  3 => 'auth',
  4 => 'admin',
  5 => 'menulist',
  6 => 'navlist',
  7 => 'fixedmenu',
  8 => 'referermenu',
  9 => 'title',
) ]
[ info ] [ BEHAVIOR ] Run app\admin\behavior\AdminLog @app_end [ RunTime:0.000901s ]
[ info ] [ LOG ] INIT File
[ sql ] [ DB ] CONNECT:[ UseTime:1.339990s ] mysql:host=www.linkben.com;dbname=fastadmin_lzs2;charset=utf8
[ sql ] [ SQL ] SHOW COLUMNS FROM `fa_auth_group_access` [ RunTime:0.093092s ]
[ sql ] [ SQL ] SELECT `aga`.`uid`,`aga`.`group_id`,`ag`.`id`,`ag`.`pid`,`ag`.`name`,`ag`.`rules` FROM `fa_auth_group_access` `aga` LEFT JOIN `fa_auth_group` `ag` ON `aga`.`group_id`=`ag`.`id` WHERE  (  aga.uid='1' and ag.status='normal' ) [ RunTime:0.341820s ]
[ sql ] [ SQL ] SHOW COLUMNS FROM `fa_auth_rule` [ RunTime:0.090557s ]
[ sql ] [ SQL ] SELECT `id`,`pid`,`condition`,`icon`,`name`,`title`,`ismenu` FROM `fa_auth_rule` WHERE  `status` = 'normal' [ RunTime:0.568184s ]
[ sql ] [ SQL ] SELECT * FROM `fa_auth_rule` WHERE  `status` = 'normal'  AND `ismenu` = 1 ORDER BY `weigh` DESC [ RunTime:1.058889s ]
---------------------------------------------------------------
[ 2018-11-20T23:03:21+08:00 ] 127.0.0.1 GET /admin.php/dashboard?addtabs=1
[ info ] fastadmin3.api.com:8084/admin.php/dashboard?addtabs=1 [运行时间：1.312782s][吞吐率：0.76req/s] [内存消耗：4,056.51kb] [文件加载：83]
[ info ] [ BEHAVIOR ] Run Closure @app_init [ RunTime:0.000080s ]
[ info ] [ CACHE ] INIT File
[ info ] [ BEHAVIOR ] Run Closure @app_init [ RunTime:0.009185s ]
[ info ] [ LANG ] D:\phpstudy\PHPTutorial\WWW\fastadmin_new2\thinkphp\lang\zh-cn.php
[ info ] [ ROUTE ] array (
  'type' => 'module',
  'module' => 
  array (
    0 => 'admin',
    1 => 'dashboard',
    2 => NULL,
  ),
)
[ info ] [ HEADER ] array (
  'cookie' => 'PHPSESSID=cntrcvmotarru3iv7pnadr5g66; uid=1; token=e17c874d-db48-4590-9ce9-ba6f88698692',
  'accept-language' => 'zh-CN,zh;q=0.9',
  'accept-encoding' => 'gzip, deflate',
  'referer' => 'http://fastadmin3.api.com:8084/admin.php/index/index',
  'accept' => 'text/html,application/xhtml+xml,application/xml;q=0.9,image/webp,image/apng,*/*;q=0.8',
  'user-agent' => 'Mozilla/5.0 (Windows NT 10.0; Win64; x64) AppleWebKit/537.36 (KHTML, like Gecko) Chrome/70.0.3538.77 Safari/537.36',
  'upgrade-insecure-requests' => '1',
  'connection' => 'close',
  'host' => 'fastadmin3.api.com:8084',
)
[ info ] [ PARAM ] array (
  'addtabs' => '1',
)
[ info ] [ LANG ] D:\phpstudy\PHPTutorial\WWW\fastadmin_new2\public/../application/admin\lang\zh-cn.php
[ info ] [ BEHAVIOR ] Run app\common\behavior\Common @module_init [ RunTime:0.003367s ]
[ info ] [ SESSION ] INIT array (
  'id' => '',
  'var_session_id' => '',
  'prefix' => 'think',
  'type' => '',
  'auto_start' => true,
)
[ info ] [ DB ] INIT mysql
[ info ] [ BEHAVIOR ] Run \addons\qcloudsms\Qcloudsms @config_init [ RunTime:0.000886s ]
[ info ] [ LANG ] D:\phpstudy\PHPTutorial\WWW\fastadmin_new2\public/../application/admin/lang/zh-cn/dashboard.php
[ info ] [ RUN ] app\admin\controller\Dashboard->index[ D:\phpstudy\PHPTutorial\WWW\fastadmin_new2\application\admin\controller\Dashboard.php ]
[ info ] [ VIEW ] D:\phpstudy\PHPTutorial\WWW\fastadmin_new2\public/../application/admin\view\dashboard\index.html [ array (
  0 => 'breadcrumb',
  1 => 'site',
  2 => 'config',
  3 => 'auth',
  4 => 'admin',
  5 => 'totaluser',
  6 => 'totalviews',
  7 => 'totalorder',
  8 => 'totalorderamount',
  9 => 'todayuserlogin',
  10 => 'todayusersignup',
  11 => 'todayorder',
  12 => 'unsettleorder',
  13 => 'sevendnu',
  14 => 'sevendau',
  15 => 'paylist',
  16 => 'createlist',
  17 => 'addonversion',
  18 => 'uploadmode',
) ]
[ info ] [ BEHAVIOR ] Run app\admin\behavior\AdminLog @app_end [ RunTime:0.000745s ]
[ info ] [ LOG ] INIT File
[ sql ] [ DB ] CONNECT:[ UseTime:0.138130s ] mysql:host=www.linkben.com;dbname=fastadmin_lzs2;charset=utf8
[ sql ] [ SQL ] SHOW COLUMNS FROM `fa_auth_group_access` [ RunTime:0.093513s ]
[ sql ] [ SQL ] SELECT `aga`.`uid`,`aga`.`group_id`,`ag`.`id`,`ag`.`pid`,`ag`.`name`,`ag`.`rules` FROM `fa_auth_group_access` `aga` LEFT JOIN `fa_auth_group` `ag` ON `aga`.`group_id`=`ag`.`id` WHERE  (  aga.uid='1' and ag.status='normal' ) [ RunTime:0.089917s ]
[ sql ] [ SQL ] SHOW COLUMNS FROM `fa_auth_rule` [ RunTime:0.333659s ]
[ sql ] [ SQL ] SELECT `id`,`pid`,`condition`,`icon`,`name`,`title`,`ismenu` FROM `fa_auth_rule` WHERE  `status` = 'normal' [ RunTime:0.238888s ]
[ sql ] [ SQL ] SELECT `title`,`remark` FROM `fa_auth_rule` WHERE  `name` = 'dashboard' LIMIT 1 [ RunTime:0.090708s ]
---------------------------------------------------------------
[ 2018-11-20T23:03:24+08:00 ] 127.0.0.1 GET /admin.php/addon?addtabs=1
[ info ] fastadmin3.api.com:8084/admin.php/addon?addtabs=1 [运行时间：4.765567s][吞吐率：0.21req/s] [内存消耗：4,183.12kb] [文件加载：98]
[ info ] [ BEHAVIOR ] Run Closure @app_init [ RunTime:0.000124s ]
[ info ] [ CACHE ] INIT File
[ info ] [ BEHAVIOR ] Run Closure @app_init [ RunTime:0.008960s ]
[ info ] [ LANG ] D:\phpstudy\PHPTutorial\WWW\fastadmin_new2\thinkphp\lang\zh-cn.php
[ info ] [ ROUTE ] array (
  'type' => 'module',
  'module' => 
  array (
    0 => 'admin',
    1 => 'addon',
    2 => NULL,
  ),
)
[ info ] [ HEADER ] array (
  'cookie' => 'PHPSESSID=cntrcvmotarru3iv7pnadr5g66; uid=1; token=e17c874d-db48-4590-9ce9-ba6f88698692',
  'accept-language' => 'zh-CN,zh;q=0.9',
  'accept-encoding' => 'gzip, deflate',
  'referer' => 'http://fastadmin3.api.com:8084/admin.php/index/index',
  'accept' => 'text/html,application/xhtml+xml,application/xml;q=0.9,image/webp,image/apng,*/*;q=0.8',
  'user-agent' => 'Mozilla/5.0 (Windows NT 10.0; Win64; x64) AppleWebKit/537.36 (KHTML, like Gecko) Chrome/70.0.3538.77 Safari/537.36',
  'upgrade-insecure-requests' => '1',
  'connection' => 'close',
  'host' => 'fastadmin3.api.com:8084',
)
[ info ] [ PARAM ] array (
  'addtabs' => '1',
)
[ info ] [ LANG ] D:\phpstudy\PHPTutorial\WWW\fastadmin_new2\public/../application/admin\lang\zh-cn.php
[ info ] [ BEHAVIOR ] Run app\common\behavior\Common @module_init [ RunTime:0.004515s ]
[ info ] [ SESSION ] INIT array (
  'id' => '',
  'var_session_id' => '',
  'prefix' => 'think',
  'type' => '',
  'auto_start' => true,
)
[ info ] [ DB ] INIT mysql
[ info ] [ BEHAVIOR ] Run \addons\qcloudsms\Qcloudsms @config_init [ RunTime:0.000828s ]
[ info ] [ LANG ] D:\phpstudy\PHPTutorial\WWW\fastadmin_new2\public/../application/admin/lang/zh-cn/addon.php
[ info ] [ RUN ] app\admin\controller\Addon->index[ D:\phpstudy\PHPTutorial\WWW\fastadmin_new2\application\admin\controller\Addon.php ]
[ info ] [ VIEW ] D:\phpstudy\PHPTutorial\WWW\fastadmin_new2\public/../application/admin\view\addon\index.html [ array (
  0 => 'breadcrumb',
  1 => 'site',
  2 => 'config',
  3 => 'auth',
  4 => 'admin',
) ]
[ info ] [ BEHAVIOR ] Run app\admin\behavior\AdminLog @app_end [ RunTime:0.000780s ]
[ info ] [ LOG ] INIT File
[ sql ] [ DB ] CONNECT:[ UseTime:0.138224s ] mysql:host=www.linkben.com;dbname=fastadmin_lzs2;charset=utf8
[ sql ] [ SQL ] SHOW COLUMNS FROM `fa_auth_group_access` [ RunTime:0.333480s ]
[ sql ] [ SQL ] SELECT `aga`.`uid`,`aga`.`group_id`,`ag`.`id`,`ag`.`pid`,`ag`.`name`,`ag`.`rules` FROM `fa_auth_group_access` `aga` LEFT JOIN `fa_auth_group` `ag` ON `aga`.`group_id`=`ag`.`id` WHERE  (  aga.uid='1' and ag.status='normal' ) [ RunTime:0.088424s ]
[ sql ] [ SQL ] SHOW COLUMNS FROM `fa_auth_rule` [ RunTime:1.315923s ]
[ sql ] [ SQL ] SELECT `id`,`pid`,`condition`,`icon`,`name`,`title`,`ismenu` FROM `fa_auth_rule` WHERE  `status` = 'normal' [ RunTime:1.002979s ]
[ sql ] [ SQL ] SELECT `title`,`remark` FROM `fa_auth_rule` WHERE  `name` = 'addon' LIMIT 1 [ RunTime:0.088859s ]
---------------------------------------------------------------
[ 2018-11-20T23:03:25+08:00 ] 127.0.0.1 GET /admin.php/ajax/lang?callback=define&controllername=index&v=1542726194
[ info ] fastadmin3.api.com:8084/admin.php/ajax/lang?callback=define&controllername=index&v=1542726194 [运行时间：2.142841s][吞吐率：0.47req/s] [内存消耗：2,884.96kb] [文件加载：72]
[ info ] [ BEHAVIOR ] Run Closure @app_init [ RunTime:0.000091s ]
[ info ] [ CACHE ] INIT File
[ info ] [ BEHAVIOR ] Run Closure @app_init [ RunTime:0.007084s ]
[ info ] [ LANG ] D:\phpstudy\PHPTutorial\WWW\fastadmin_new2\thinkphp\lang\zh-cn.php
[ info ] [ ROUTE ] array (
  'type' => 'module',
  'module' => 
  array (
    0 => 'admin',
    1 => 'ajax',
    2 => 'lang',
  ),
)
[ info ] [ HEADER ] array (
  'cookie' => 'PHPSESSID=cntrcvmotarru3iv7pnadr5g66; uid=1; token=e17c874d-db48-4590-9ce9-ba6f88698692',
  'accept-language' => 'zh-CN,zh;q=0.9',
  'accept-encoding' => 'gzip, deflate',
  'referer' => 'http://fastadmin3.api.com:8084/admin.php/index/index',
  'accept' => '*/*',
  'user-agent' => 'Mozilla/5.0 (Windows NT 10.0; Win64; x64) AppleWebKit/537.36 (KHTML, like Gecko) Chrome/70.0.3538.77 Safari/537.36',
  'connection' => 'close',
  'host' => 'fastadmin3.api.com:8084',
)
[ info ] [ PARAM ] array (
  'callback' => 'define',
  'controllername' => 'index',
  'v' => '1542726194',
)
[ info ] [ LANG ] D:\phpstudy\PHPTutorial\WWW\fastadmin_new2\public/../application/admin\lang\zh-cn.php
[ info ] [ BEHAVIOR ] Run app\common\behavior\Common @module_init [ RunTime:0.002527s ]
[ info ] [ SESSION ] INIT array (
  'id' => '',
  'var_session_id' => '',
  'prefix' => 'think',
  'type' => '',
  'auto_start' => true,
)
[ info ] [ BEHAVIOR ] Run \addons\qcloudsms\Qcloudsms @config_init [ RunTime:0.001798s ]
[ info ] [ LANG ] D:\phpstudy\PHPTutorial\WWW\fastadmin_new2\public/../application/admin/lang/zh-cn/ajax.php
[ info ] [ RUN ] app\admin\controller\Ajax->lang[ D:\phpstudy\PHPTutorial\WWW\fastadmin_new2\application\admin\controller\Ajax.php ]
[ info ] [ LANG ] D:\phpstudy\PHPTutorial\WWW\fastadmin_new2\public/../application/admin/lang/zh-cn/index.php
[ info ] [ BEHAVIOR ] Run app\admin\behavior\AdminLog @app_end [ RunTime:0.001029s ]
[ info ] [ LOG ] INIT File
---------------------------------------------------------------
[ 2018-11-20T23:03:26+08:00 ] 127.0.0.1 GET /admin.php/ajax/lang?callback=define&controllername=dashboard&v=1542726200
[ info ] fastadmin3.api.com:8084/admin.php/ajax/lang?callback=define&controllername=dashboard&v=1542726200 [运行时间：0.272700s][吞吐率：3.67req/s] [内存消耗：2,883.52kb] [文件加载：72]
[ info ] [ BEHAVIOR ] Run Closure @app_init [ RunTime:0.000069s ]
[ info ] [ CACHE ] INIT File
[ info ] [ BEHAVIOR ] Run Closure @app_init [ RunTime:0.006440s ]
[ info ] [ LANG ] D:\phpstudy\PHPTutorial\WWW\fastadmin_new2\thinkphp\lang\zh-cn.php
[ info ] [ ROUTE ] array (
  'type' => 'module',
  'module' => 
  array (
    0 => 'admin',
    1 => 'ajax',
    2 => 'lang',
  ),
)
[ info ] [ HEADER ] array (
  'cookie' => 'PHPSESSID=cntrcvmotarru3iv7pnadr5g66; uid=1; token=e17c874d-db48-4590-9ce9-ba6f88698692',
  'accept-language' => 'zh-CN,zh;q=0.9',
  'accept-encoding' => 'gzip, deflate',
  'referer' => 'http://fastadmin3.api.com:8084/admin.php/dashboard?addtabs=1',
  'accept' => '*/*',
  'user-agent' => 'Mozilla/5.0 (Windows NT 10.0; Win64; x64) AppleWebKit/537.36 (KHTML, like Gecko) Chrome/70.0.3538.77 Safari/537.36',
  'connection' => 'close',
  'host' => 'fastadmin3.api.com:8084',
)
[ info ] [ PARAM ] array (
  'callback' => 'define',
  'controllername' => 'dashboard',
  'v' => '1542726200',
)
[ info ] [ LANG ] D:\phpstudy\PHPTutorial\WWW\fastadmin_new2\public/../application/admin\lang\zh-cn.php
[ info ] [ BEHAVIOR ] Run app\common\behavior\Common @module_init [ RunTime:0.002639s ]
[ info ] [ SESSION ] INIT array (
  'id' => '',
  'var_session_id' => '',
  'prefix' => 'think',
  'type' => '',
  'auto_start' => true,
)
[ info ] [ BEHAVIOR ] Run \addons\qcloudsms\Qcloudsms @config_init [ RunTime:0.000911s ]
[ info ] [ LANG ] D:\phpstudy\PHPTutorial\WWW\fastadmin_new2\public/../application/admin/lang/zh-cn/ajax.php
[ info ] [ RUN ] app\admin\controller\Ajax->lang[ D:\phpstudy\PHPTutorial\WWW\fastadmin_new2\application\admin\controller\Ajax.php ]
[ info ] [ LANG ] D:\phpstudy\PHPTutorial\WWW\fastadmin_new2\public/../application/admin/lang/zh-cn/dashboard.php
[ info ] [ BEHAVIOR ] Run app\admin\behavior\AdminLog @app_end [ RunTime:0.000931s ]
[ info ] [ LOG ] INIT File
---------------------------------------------------------------
[ 2018-11-20T23:03:29+08:00 ] 127.0.0.1 GET /admin.php/ajax/lang?callback=define&controllername=addon&v=1542726200
[ info ] fastadmin3.api.com:8084/admin.php/ajax/lang?callback=define&controllername=addon&v=1542726200 [运行时间：0.316035s][吞吐率：3.16req/s] [内存消耗：2,886.44kb] [文件加载：72]
[ info ] [ BEHAVIOR ] Run Closure @app_init [ RunTime:0.000145s ]
[ info ] [ CACHE ] INIT File
[ info ] [ BEHAVIOR ] Run Closure @app_init [ RunTime:0.007939s ]
[ info ] [ LANG ] D:\phpstudy\PHPTutorial\WWW\fastadmin_new2\thinkphp\lang\zh-cn.php
[ info ] [ ROUTE ] array (
  'type' => 'module',
  'module' => 
  array (
    0 => 'admin',
    1 => 'ajax',
    2 => 'lang',
  ),
)
[ info ] [ HEADER ] array (
  'cookie' => 'PHPSESSID=cntrcvmotarru3iv7pnadr5g66; uid=1; token=e17c874d-db48-4590-9ce9-ba6f88698692',
  'accept-language' => 'zh-CN,zh;q=0.9',
  'accept-encoding' => 'gzip, deflate',
  'referer' => 'http://fastadmin3.api.com:8084/admin.php/addon?addtabs=1',
  'accept' => '*/*',
  'user-agent' => 'Mozilla/5.0 (Windows NT 10.0; Win64; x64) AppleWebKit/537.36 (KHTML, like Gecko) Chrome/70.0.3538.77 Safari/537.36',
  'connection' => 'close',
  'host' => 'fastadmin3.api.com:8084',
)
[ info ] [ PARAM ] array (
  'callback' => 'define',
  'controllername' => 'addon',
  'v' => '1542726200',
)
[ info ] [ LANG ] D:\phpstudy\PHPTutorial\WWW\fastadmin_new2\public/../application/admin\lang\zh-cn.php
[ info ] [ BEHAVIOR ] Run app\common\behavior\Common @module_init [ RunTime:0.002681s ]
[ info ] [ SESSION ] INIT array (
  'id' => '',
  'var_session_id' => '',
  'prefix' => 'think',
  'type' => '',
  'auto_start' => true,
)
[ info ] [ BEHAVIOR ] Run \addons\qcloudsms\Qcloudsms @config_init [ RunTime:0.000660s ]
[ info ] [ LANG ] D:\phpstudy\PHPTutorial\WWW\fastadmin_new2\public/../application/admin/lang/zh-cn/ajax.php
[ info ] [ RUN ] app\admin\controller\Ajax->lang[ D:\phpstudy\PHPTutorial\WWW\fastadmin_new2\application\admin\controller\Ajax.php ]
[ info ] [ LANG ] D:\phpstudy\PHPTutorial\WWW\fastadmin_new2\public/../application/admin/lang/zh-cn/addon.php
[ info ] [ BEHAVIOR ] Run app\admin\behavior\AdminLog @app_end [ RunTime:0.001161s ]
[ info ] [ LOG ] INIT File
---------------------------------------------------------------
[ 2018-11-20T23:03:50+08:00 ] 127.0.0.1 GET /assets/plugin/swiper/swiper.min.js.map
[ info ] fastadmin3.api.com:8084/assets/plugin/swiper/swiper.min.js.map [运行时间：0.500404s][吞吐率：2.00req/s] [内存消耗：1,719.65kb] [文件加载：52]
[ info ] [ BEHAVIOR ] Run Closure @app_init [ RunTime:0.000303s ]
[ info ] [ CACHE ] INIT File
[ info ] [ BEHAVIOR ] Run Closure @app_init [ RunTime:0.019053s ]
[ info ] [ LANG ] D:\phpstudy\PHPTutorial\WWW\fastadmin_new2\thinkphp\lang\zh-cn.php
[ info ] [ ROUTE ] array (
  'type' => 'module',
  'module' => 
  array (
    0 => 'assets',
    1 => 'plugin',
    2 => 'swiper',
  ),
)
[ info ] [ HEADER ] array (
  'cookie' => 'PHPSESSID=cntrcvmotarru3iv7pnadr5g66; uid=1; token=e17c874d-db48-4590-9ce9-ba6f88698692',
  'accept-language' => 'zh-CN,zh;q=0.9',
  'accept-encoding' => 'gzip, deflate',
  'user-agent' => 'Mozilla/5.0 (Windows NT 10.0; Win64; x64) AppleWebKit/537.36 (KHTML, like Gecko) Chrome/70.0.3538.77 Safari/537.36',
  'connection' => 'close',
  'host' => 'fastadmin3.api.com:8084',
)
[ info ] [ PARAM ] array (
)
[ info ] [ LOG ] INIT File
---------------------------------------------------------------
[ 2018-11-20T23:03:51+08:00 ] 127.0.0.1 GET /c/circle.html
[ info ] fastadmin3.api.com:8084/c/circle.html [运行时间：5.989252s][吞吐率：0.17req/s] [内存消耗：4,037.91kb] [文件加载：92]
[ info ] [ BEHAVIOR ] Run Closure @app_init [ RunTime:0.000090s ]
[ info ] [ CACHE ] INIT File
[ info ] [ BEHAVIOR ] Run Closure @app_init [ RunTime:0.006830s ]
[ info ] [ LANG ] D:\phpstudy\PHPTutorial\WWW\fastadmin_new2\thinkphp\lang\zh-cn.php
[ info ] [ ROUTE ] array (
  'type' => 'method',
  'method' => 
  array (
    0 => '\\think\\addons\\Route',
    1 => 'execute',
  ),
  'var' => 
  array (
    'addon' => 'cms',
    'controller' => 'channel',
    'action' => 'index',
  ),
)
[ info ] [ HEADER ] array (
  'cookie' => 'PHPSESSID=cntrcvmotarru3iv7pnadr5g66; uid=1; token=e17c874d-db48-4590-9ce9-ba6f88698692',
  'accept-language' => 'zh-CN,zh;q=0.9',
  'accept-encoding' => 'gzip, deflate',
  'referer' => 'http://fastadmin3.api.com:8084/',
  'accept' => 'text/html,application/xhtml+xml,application/xml;q=0.9,image/webp,image/apng,*/*;q=0.8',
  'user-agent' => 'Mozilla/5.0 (Windows NT 10.0; Win64; x64) AppleWebKit/537.36 (KHTML, like Gecko) Chrome/70.0.3538.77 Safari/537.36',
  'upgrade-insecure-requests' => '1',
  'cache-control' => 'max-age=0',
  'connection' => 'close',
  'host' => 'fastadmin3.api.com:8084',
)
[ info ] [ PARAM ] array (
  'diyname' => 'circle',
)
[ info ] [ RUN ] think\addons\Route->execute[ D:\phpstudy\PHPTutorial\WWW\fastadmin_new2\vendor\karsonzhang\fastadmin-addons\src\addons\Route.php ]
[ info ] [ LANG ] D:\phpstudy\PHPTutorial\WWW\fastadmin_new2\public/../application/common\lang\zh-cn\addon.php
[ info ] [ BEHAVIOR ] Run app\common\behavior\Common @addon_begin [ RunTime:0.004571s ]
[ info ] [ LANG ] D:\phpstudy\PHPTutorial\WWW\fastadmin_new2\addons\cms\lang\zh-cn.php
[ info ] [ TOKEN ] INIT Mysql
[ info ] [ DB ] INIT mysql
[ info ] [ VIEW ] D:\phpstudy\PHPTutorial\WWW\fastadmin_new2\addons\cms\view\new\circle.html [ array (
  0 => 'config',
  1 => 'user',
  2 => 'site',
  3 => '__CHANNEL__',
  4 => '__FILTERLIST__',
  5 => '__ORDERLIST__',
  6 => '__PAGELIST__',
) ]
[ info ] [ LOG ] INIT File
[ sql ] [ DB ] CONNECT:[ UseTime:0.140468s ] mysql:host=www.linkben.com;dbname=fastadmin_lzs2;charset=utf8
[ sql ] [ SQL ] SHOW COLUMNS FROM `fa_user_token` [ RunTime:0.335502s ]
[ sql ] [ SQL ] SELECT * FROM `fa_user_token` WHERE  `token` = '55b740ffc4211b9cce3cd657f8384af702b49073' LIMIT 1 [ RunTime:0.086600s ]
[ sql ] [ SQL ] SHOW COLUMNS FROM `fa_user` [ RunTime:0.336767s ]
[ sql ] [ SQL ] SELECT * FROM `fa_user` WHERE  `id` = 1 LIMIT 1 [ RunTime:0.089224s ]
[ sql ] [ SQL ] SHOW COLUMNS FROM `fa_cms_channel` [ RunTime:0.088834s ]
[ sql ] [ SQL ] SELECT * FROM `fa_cms_channel` WHERE  `diyname` = 'circle' LIMIT 1 [ RunTime:0.141784s ]
[ sql ] [ SQL ] SHOW COLUMNS FROM `fa_cms_model` [ RunTime:0.086798s ]
[ sql ] [ SQL ] SELECT * FROM `fa_cms_model` WHERE  `id` = 1 LIMIT 1 [ RunTime:0.821561s ]
[ sql ] [ SQL ] SHOW COLUMNS FROM `fa_cms_addonnews` [ RunTime:0.102143s ]
[ sql ] [ SQL ] SHOW COLUMNS FROM `fa_cms_archives` [ RunTime:1.577329s ]
[ sql ] [ SQL ] SELECT COUNT(*) AS tp_count FROM `fa_cms_archives` `a` LEFT JOIN `fa_cms_addonnews` `n` ON `a`.`id`=`n`.`id` WHERE  `status` = 'normal'  AND ( `deletetime` IS NULL )  AND `channel_id` = 58 LIMIT 1 [ RunTime:0.087344s ]
[ sql ] [ SQL ] SELECT `a`.*,`n`.`author`,`n`.`area`,`n`.`device` FROM `fa_cms_archives` `a` LEFT JOIN `fa_cms_addonnews` `n` ON `a`.`id`=`n`.`id` WHERE  `status` = 'normal'  AND ( `deletetime` IS NULL )  AND `channel_id` = 58 ORDER BY `weigh` DESC LIMIT 0,10 [ RunTime:0.088900s ]
[ sql ] [ SQL ] SELECT `id`,`name`,`image`,`diyname`,`items` FROM `fa_cms_channel` WHERE  `id` IN (59) [ RunTime:0.089892s ]
[ sql ] [ SQL ] SELECT `id`,`name`,`image`,`diyname`,`items` FROM `fa_cms_channel` WHERE  `id` IN (59,56,53) [ RunTime:1.324219s ]
[ sql ] [ SQL ] SELECT `id`,`name`,`image`,`diyname`,`items` FROM `fa_cms_channel` WHERE  `id` IN (56,53,59) [ RunTime:0.088086s ]
---------------------------------------------------------------
[ 2018-11-20T23:03:52+08:00 ] 127.0.0.1 GET /uploads/20181030/733cabb345dd5748a7e5c013393b7614.png
[ info ] fastadmin3.api.com:8084/uploads/20181030/733cabb345dd5748a7e5c013393b7614.png [运行时间：0.633734s][吞吐率：1.58req/s] [内存消耗：1,720.46kb] [文件加载：52]
[ info ] [ BEHAVIOR ] Run Closure @app_init [ RunTime:0.000209s ]
[ info ] [ CACHE ] INIT File
[ info ] [ BEHAVIOR ] Run Closure @app_init [ RunTime:0.057319s ]
[ info ] [ LANG ] D:\phpstudy\PHPTutorial\WWW\fastadmin_new2\thinkphp\lang\zh-cn.php
[ info ] [ ROUTE ] array (
  'type' => 'module',
  'module' => 
  array (
    0 => 'uploads',
    1 => '20181030',
    2 => '733cabb345dd5748a7e5c013393b7614.png',
  ),
)
[ info ] [ HEADER ] array (
  'cookie' => 'PHPSESSID=cntrcvmotarru3iv7pnadr5g66; uid=1; token=e17c874d-db48-4590-9ce9-ba6f88698692',
  'accept-language' => 'zh-CN,zh;q=0.9',
  'accept-encoding' => 'gzip, deflate',
  'referer' => 'http://fastadmin3.api.com:8084/c/circle.html',
  'accept' => 'image/webp,image/apng,image/*,*/*;q=0.8',
  'user-agent' => 'Mozilla/5.0 (Windows NT 10.0; Win64; x64) AppleWebKit/537.36 (KHTML, like Gecko) Chrome/70.0.3538.77 Safari/537.36',
  'connection' => 'close',
  'host' => 'fastadmin3.api.com:8084',
)
[ info ] [ PARAM ] array (
)
[ info ] [ LOG ] INIT File
---------------------------------------------------------------
[ 2018-11-20T23:03:54+08:00 ] 127.0.0.1 GET /assets/plugin/swiper/swiper.min.js.map
[ info ] fastadmin3.api.com:8084/assets/plugin/swiper/swiper.min.js.map [运行时间：0.666502s][吞吐率：1.50req/s] [内存消耗：1,719.65kb] [文件加载：52]
[ info ] [ BEHAVIOR ] Run Closure @app_init [ RunTime:0.000281s ]
[ info ] [ CACHE ] INIT File
[ info ] [ BEHAVIOR ] Run Closure @app_init [ RunTime:0.080663s ]
[ info ] [ LANG ] D:\phpstudy\PHPTutorial\WWW\fastadmin_new2\thinkphp\lang\zh-cn.php
[ info ] [ ROUTE ] array (
  'type' => 'module',
  'module' => 
  array (
    0 => 'assets',
    1 => 'plugin',
    2 => 'swiper',
  ),
)
[ info ] [ HEADER ] array (
  'cookie' => 'PHPSESSID=cntrcvmotarru3iv7pnadr5g66; uid=1; token=e17c874d-db48-4590-9ce9-ba6f88698692',
  'accept-language' => 'zh-CN,zh;q=0.9',
  'accept-encoding' => 'gzip, deflate',
  'user-agent' => 'Mozilla/5.0 (Windows NT 10.0; Win64; x64) AppleWebKit/537.36 (KHTML, like Gecko) Chrome/70.0.3538.77 Safari/537.36',
  'connection' => 'close',
  'host' => 'fastadmin3.api.com:8084',
)
[ info ] [ PARAM ] array (
)
[ info ] [ LOG ] INIT File
---------------------------------------------------------------
[ 2018-11-20T23:04:37+08:00 ] 127.0.0.1 GET /c/circle.html
[ info ] fastadmin3.api.com:8084/c/circle.html [运行时间：4.656574s][吞吐率：0.21req/s] [内存消耗：4,260.30kb] [文件加载：95]
[ info ] [ BEHAVIOR ] Run Closure @app_init [ RunTime:0.000085s ]
[ info ] [ CACHE ] INIT File
[ info ] [ BEHAVIOR ] Run Closure @app_init [ RunTime:0.007633s ]
[ info ] [ LANG ] D:\phpstudy\PHPTutorial\WWW\fastadmin_new2\thinkphp\lang\zh-cn.php
[ info ] [ ROUTE ] array (
  'type' => 'method',
  'method' => 
  array (
    0 => '\\think\\addons\\Route',
    1 => 'execute',
  ),
  'var' => 
  array (
    'addon' => 'cms',
    'controller' => 'channel',
    'action' => 'index',
  ),
)
[ info ] [ HEADER ] array (
  'cookie' => 'PHPSESSID=cntrcvmotarru3iv7pnadr5g66; uid=1; token=e17c874d-db48-4590-9ce9-ba6f88698692',
  'accept-language' => 'zh-CN,zh;q=0.9',
  'accept-encoding' => 'gzip, deflate',
  'referer' => 'http://fastadmin3.api.com:8084/',
  'accept' => 'text/html,application/xhtml+xml,application/xml;q=0.9,image/webp,image/apng,*/*;q=0.8',
  'user-agent' => 'Mozilla/5.0 (Windows NT 10.0; Win64; x64) AppleWebKit/537.36 (KHTML, like Gecko) Chrome/70.0.3538.77 Safari/537.36',
  'upgrade-insecure-requests' => '1',
  'cache-control' => 'max-age=0',
  'connection' => 'close',
  'host' => 'fastadmin3.api.com:8084',
)
[ info ] [ PARAM ] array (
  'diyname' => 'circle',
)
[ info ] [ RUN ] think\addons\Route->execute[ D:\phpstudy\PHPTutorial\WWW\fastadmin_new2\vendor\karsonzhang\fastadmin-addons\src\addons\Route.php ]
[ info ] [ LANG ] D:\phpstudy\PHPTutorial\WWW\fastadmin_new2\public/../application/common\lang\zh-cn\addon.php
[ info ] [ BEHAVIOR ] Run app\common\behavior\Common @addon_begin [ RunTime:0.004013s ]
[ info ] [ LANG ] D:\phpstudy\PHPTutorial\WWW\fastadmin_new2\addons\cms\lang\zh-cn.php
[ info ] [ TOKEN ] INIT Mysql
[ info ] [ DB ] INIT mysql
[ info ] [ VIEW ] D:\phpstudy\PHPTutorial\WWW\fastadmin_new2\addons\cms\view\new\circle.html [ array (
  0 => 'config',
  1 => 'user',
  2 => 'site',
  3 => '__CHANNEL__',
  4 => '__FILTERLIST__',
  5 => '__ORDERLIST__',
  6 => '__PAGELIST__',
) ]
[ info ] [ LOG ] INIT File
[ sql ] [ DB ] CONNECT:[ UseTime:0.147610s ] mysql:host=www.linkben.com;dbname=fastadmin_lzs2;charset=utf8
[ sql ] [ SQL ] SHOW COLUMNS FROM `fa_user_token` [ RunTime:0.092689s ]
[ sql ] [ SQL ] SELECT * FROM `fa_user_token` WHERE  `token` = '55b740ffc4211b9cce3cd657f8384af702b49073' LIMIT 1 [ RunTime:0.094993s ]
[ sql ] [ SQL ] SHOW COLUMNS FROM `fa_user` [ RunTime:0.193153s ]
[ sql ] [ SQL ] SELECT * FROM `fa_user` WHERE  `id` = 1 LIMIT 1 [ RunTime:0.905513s ]
[ sql ] [ SQL ] SHOW COLUMNS FROM `fa_cms_channel` [ RunTime:1.090702s ]
[ sql ] [ SQL ] SELECT * FROM `fa_cms_channel` WHERE  `diyname` = 'circle' LIMIT 1 [ RunTime:0.090638s ]
[ sql ] [ SQL ] SHOW COLUMNS FROM `fa_cms_model` [ RunTime:0.341637s ]
[ sql ] [ SQL ] SELECT * FROM `fa_cms_model` WHERE  `id` = 1 LIMIT 1 [ RunTime:0.339397s ]
[ sql ] [ SQL ] SHOW COLUMNS FROM `fa_cms_addonnews` [ RunTime:0.089504s ]
[ sql ] [ SQL ] SHOW COLUMNS FROM `fa_cms_archives` [ RunTime:0.088760s ]
[ sql ] [ SQL ] SELECT COUNT(*) AS tp_count FROM `fa_cms_archives` `a` LEFT JOIN `fa_cms_addonnews` `n` ON `a`.`id`=`n`.`id` WHERE  `status` = 'normal'  AND ( `deletetime` IS NULL )  AND `channel_id` = 58 LIMIT 1 [ RunTime:0.087893s ]
[ sql ] [ SQL ] SELECT `a`.*,`n`.`author`,`n`.`area`,`n`.`device` FROM `fa_cms_archives` `a` LEFT JOIN `fa_cms_addonnews` `n` ON `a`.`id`=`n`.`id` WHERE  `status` = 'normal'  AND ( `deletetime` IS NULL )  AND `channel_id` = 58 ORDER BY `weigh` DESC LIMIT 0,10 [ RunTime:0.092626s ]
[ sql ] [ SQL ] SELECT `id`,`name`,`image`,`diyname`,`items` FROM `fa_cms_channel` WHERE  `id` IN (59) [ RunTime:0.334578s ]
[ sql ] [ SQL ] SELECT `id`,`name`,`image`,`diyname`,`items` FROM `fa_cms_channel` WHERE  `id` IN (59,56,53) [ RunTime:0.089897s ]
[ sql ] [ SQL ] SELECT `id`,`name`,`image`,`diyname`,`items` FROM `fa_cms_channel` WHERE  `id` IN (56,53,59) [ RunTime:0.088422s ]
---------------------------------------------------------------
[ 2018-11-20T23:04:38+08:00 ] 127.0.0.1 GET /uploads/20181030/733cabb345dd5748a7e5c013393b7614.png
[ info ] fastadmin3.api.com:8084/uploads/20181030/733cabb345dd5748a7e5c013393b7614.png [运行时间：0.460428s][吞吐率：2.17req/s] [内存消耗：1,720.46kb] [文件加载：52]
[ info ] [ BEHAVIOR ] Run Closure @app_init [ RunTime:0.000193s ]
[ info ] [ CACHE ] INIT File
[ info ] [ BEHAVIOR ] Run Closure @app_init [ RunTime:0.008061s ]
[ info ] [ LANG ] D:\phpstudy\PHPTutorial\WWW\fastadmin_new2\thinkphp\lang\zh-cn.php
[ info ] [ ROUTE ] array (
  'type' => 'module',
  'module' => 
  array (
    0 => 'uploads',
    1 => '20181030',
    2 => '733cabb345dd5748a7e5c013393b7614.png',
  ),
)
[ info ] [ HEADER ] array (
  'cookie' => 'PHPSESSID=cntrcvmotarru3iv7pnadr5g66; uid=1; token=e17c874d-db48-4590-9ce9-ba6f88698692',
  'accept-language' => 'zh-CN,zh;q=0.9',
  'accept-encoding' => 'gzip, deflate',
  'referer' => 'http://fastadmin3.api.com:8084/c/circle.html',
  'accept' => 'image/webp,image/apng,image/*,*/*;q=0.8',
  'user-agent' => 'Mozilla/5.0 (Windows NT 10.0; Win64; x64) AppleWebKit/537.36 (KHTML, like Gecko) Chrome/70.0.3538.77 Safari/537.36',
  'connection' => 'close',
  'host' => 'fastadmin3.api.com:8084',
)
[ info ] [ PARAM ] array (
)
[ info ] [ LOG ] INIT File
---------------------------------------------------------------
[ 2018-11-20T23:04:38+08:00 ] 127.0.0.1 GET /assets/plugin/swiper/swiper.min.js.map
[ info ] fastadmin3.api.com:8084/assets/plugin/swiper/swiper.min.js.map [运行时间：0.482185s][吞吐率：2.07req/s] [内存消耗：1,719.65kb] [文件加载：52]
[ info ] [ BEHAVIOR ] Run Closure @app_init [ RunTime:0.000120s ]
[ info ] [ CACHE ] INIT File
[ info ] [ BEHAVIOR ] Run Closure @app_init [ RunTime:0.010230s ]
[ info ] [ LANG ] D:\phpstudy\PHPTutorial\WWW\fastadmin_new2\thinkphp\lang\zh-cn.php
[ info ] [ ROUTE ] array (
  'type' => 'module',
  'module' => 
  array (
    0 => 'assets',
    1 => 'plugin',
    2 => 'swiper',
  ),
)
[ info ] [ HEADER ] array (
  'cookie' => 'PHPSESSID=cntrcvmotarru3iv7pnadr5g66; uid=1; token=e17c874d-db48-4590-9ce9-ba6f88698692',
  'accept-language' => 'zh-CN,zh;q=0.9',
  'accept-encoding' => 'gzip, deflate',
  'user-agent' => 'Mozilla/5.0 (Windows NT 10.0; Win64; x64) AppleWebKit/537.36 (KHTML, like Gecko) Chrome/70.0.3538.77 Safari/537.36',
  'connection' => 'close',
  'host' => 'fastadmin3.api.com:8084',
)
[ info ] [ PARAM ] array (
)
[ info ] [ LOG ] INIT File
---------------------------------------------------------------
[ 2018-11-20T23:04:50+08:00 ] 127.0.0.1 GET /c/circle.html
[ info ] fastadmin3.api.com:8084/c/circle.html [运行时间：4.098154s][吞吐率：0.24req/s] [内存消耗：4,260.32kb] [文件加载：95]
[ info ] [ BEHAVIOR ] Run Closure @app_init [ RunTime:0.000068s ]
[ info ] [ CACHE ] INIT File
[ info ] [ BEHAVIOR ] Run Closure @app_init [ RunTime:0.007361s ]
[ info ] [ LANG ] D:\phpstudy\PHPTutorial\WWW\fastadmin_new2\thinkphp\lang\zh-cn.php
[ info ] [ ROUTE ] array (
  'type' => 'method',
  'method' => 
  array (
    0 => '\\think\\addons\\Route',
    1 => 'execute',
  ),
  'var' => 
  array (
    'addon' => 'cms',
    'controller' => 'channel',
    'action' => 'index',
  ),
)
[ info ] [ HEADER ] array (
  'cookie' => 'PHPSESSID=cntrcvmotarru3iv7pnadr5g66; uid=1; token=e17c874d-db48-4590-9ce9-ba6f88698692',
  'accept-language' => 'zh-CN,zh;q=0.9',
  'accept-encoding' => 'gzip, deflate',
  'referer' => 'http://fastadmin3.api.com:8084/',
  'accept' => 'text/html,application/xhtml+xml,application/xml;q=0.9,image/webp,image/apng,*/*;q=0.8',
  'user-agent' => 'Mozilla/5.0 (Windows NT 10.0; Win64; x64) AppleWebKit/537.36 (KHTML, like Gecko) Chrome/70.0.3538.77 Safari/537.36',
  'upgrade-insecure-requests' => '1',
  'cache-control' => 'max-age=0',
  'connection' => 'close',
  'host' => 'fastadmin3.api.com:8084',
)
[ info ] [ PARAM ] array (
  'diyname' => 'circle',
)
[ info ] [ RUN ] think\addons\Route->execute[ D:\phpstudy\PHPTutorial\WWW\fastadmin_new2\vendor\karsonzhang\fastadmin-addons\src\addons\Route.php ]
[ info ] [ LANG ] D:\phpstudy\PHPTutorial\WWW\fastadmin_new2\public/../application/common\lang\zh-cn\addon.php
[ info ] [ BEHAVIOR ] Run app\common\behavior\Common @addon_begin [ RunTime:0.004626s ]
[ info ] [ LANG ] D:\phpstudy\PHPTutorial\WWW\fastadmin_new2\addons\cms\lang\zh-cn.php
[ info ] [ TOKEN ] INIT Mysql
[ info ] [ DB ] INIT mysql
[ info ] [ VIEW ] D:\phpstudy\PHPTutorial\WWW\fastadmin_new2\addons\cms\view\new\circle.html [ array (
  0 => 'config',
  1 => 'user',
  2 => 'site',
  3 => '__CHANNEL__',
  4 => '__FILTERLIST__',
  5 => '__ORDERLIST__',
  6 => '__PAGELIST__',
) ]
[ info ] [ LOG ] INIT File
[ sql ] [ DB ] CONNECT:[ UseTime:0.384383s ] mysql:host=www.linkben.com;dbname=fastadmin_lzs2;charset=utf8
[ sql ] [ SQL ] SHOW COLUMNS FROM `fa_user_token` [ RunTime:0.085675s ]
[ sql ] [ SQL ] SELECT * FROM `fa_user_token` WHERE  `token` = '55b740ffc4211b9cce3cd657f8384af702b49073' LIMIT 1 [ RunTime:0.084765s ]
[ sql ] [ SQL ] SHOW COLUMNS FROM `fa_user` [ RunTime:0.086480s ]
[ sql ] [ SQL ] SELECT * FROM `fa_user` WHERE  `id` = 1 LIMIT 1 [ RunTime:0.085585s ]
[ sql ] [ SQL ] SHOW COLUMNS FROM `fa_cms_channel` [ RunTime:0.327376s ]
[ sql ] [ SQL ] SELECT * FROM `fa_cms_channel` WHERE  `diyname` = 'circle' LIMIT 1 [ RunTime:0.226597s ]
[ sql ] [ SQL ] SHOW COLUMNS FROM `fa_cms_model` [ RunTime:0.084285s ]
[ sql ] [ SQL ] SELECT * FROM `fa_cms_model` WHERE  `id` = 1 LIMIT 1 [ RunTime:1.060201s ]
[ sql ] [ SQL ] SHOW COLUMNS FROM `fa_cms_addonnews` [ RunTime:0.086346s ]
[ sql ] [ SQL ] SHOW COLUMNS FROM `fa_cms_archives` [ RunTime:0.086166s ]
[ sql ] [ SQL ] SELECT COUNT(*) AS tp_count FROM `fa_cms_archives` `a` LEFT JOIN `fa_cms_addonnews` `n` ON `a`.`id`=`n`.`id` WHERE  `status` = 'normal'  AND ( `deletetime` IS NULL )  AND `channel_id` = 58 LIMIT 1 [ RunTime:0.084604s ]
[ sql ] [ SQL ] SELECT `a`.*,`n`.`author`,`n`.`area`,`n`.`device` FROM `fa_cms_archives` `a` LEFT JOIN `fa_cms_addonnews` `n` ON `a`.`id`=`n`.`id` WHERE  `status` = 'normal'  AND ( `deletetime` IS NULL )  AND `channel_id` = 58 ORDER BY `weigh` DESC LIMIT 0,10 [ RunTime:0.742359s ]
[ sql ] [ SQL ] SELECT `id`,`name`,`image`,`diyname`,`items` FROM `fa_cms_channel` WHERE  `id` IN (59) [ RunTime:0.083513s ]
[ sql ] [ SQL ] SELECT `id`,`name`,`image`,`diyname`,`items` FROM `fa_cms_channel` WHERE  `id` IN (59,56,53) [ RunTime:0.086698s ]
[ sql ] [ SQL ] SELECT `id`,`name`,`image`,`diyname`,`items` FROM `fa_cms_channel` WHERE  `id` IN (56,53,59) [ RunTime:0.083761s ]
---------------------------------------------------------------
[ 2018-11-20T23:04:51+08:00 ] 127.0.0.1 GET /uploads/20181030/733cabb345dd5748a7e5c013393b7614.png
[ info ] fastadmin3.api.com:8084/uploads/20181030/733cabb345dd5748a7e5c013393b7614.png [运行时间：0.460175s][吞吐率：2.17req/s] [内存消耗：1,720.46kb] [文件加载：52]
[ info ] [ BEHAVIOR ] Run Closure @app_init [ RunTime:0.000077s ]
[ info ] [ CACHE ] INIT File
[ info ] [ BEHAVIOR ] Run Closure @app_init [ RunTime:0.011029s ]
[ info ] [ LANG ] D:\phpstudy\PHPTutorial\WWW\fastadmin_new2\thinkphp\lang\zh-cn.php
[ info ] [ ROUTE ] array (
  'type' => 'module',
  'module' => 
  array (
    0 => 'uploads',
    1 => '20181030',
    2 => '733cabb345dd5748a7e5c013393b7614.png',
  ),
)
[ info ] [ HEADER ] array (
  'cookie' => 'PHPSESSID=cntrcvmotarru3iv7pnadr5g66; uid=1; token=e17c874d-db48-4590-9ce9-ba6f88698692',
  'accept-language' => 'zh-CN,zh;q=0.9',
  'accept-encoding' => 'gzip, deflate',
  'referer' => 'http://fastadmin3.api.com:8084/c/circle.html',
  'accept' => 'image/webp,image/apng,image/*,*/*;q=0.8',
  'user-agent' => 'Mozilla/5.0 (Windows NT 10.0; Win64; x64) AppleWebKit/537.36 (KHTML, like Gecko) Chrome/70.0.3538.77 Safari/537.36',
  'connection' => 'close',
  'host' => 'fastadmin3.api.com:8084',
)
[ info ] [ PARAM ] array (
)
[ info ] [ LOG ] INIT File
---------------------------------------------------------------
[ 2018-11-20T23:04:51+08:00 ] 127.0.0.1 GET /assets/plugin/swiper/swiper.min.js.map
[ info ] fastadmin3.api.com:8084/assets/plugin/swiper/swiper.min.js.map [运行时间：0.474894s][吞吐率：2.11req/s] [内存消耗：1,719.65kb] [文件加载：52]
[ info ] [ BEHAVIOR ] Run Closure @app_init [ RunTime:0.000259s ]
[ info ] [ CACHE ] INIT File
[ info ] [ BEHAVIOR ] Run Closure @app_init [ RunTime:0.013410s ]
[ info ] [ LANG ] D:\phpstudy\PHPTutorial\WWW\fastadmin_new2\thinkphp\lang\zh-cn.php
[ info ] [ ROUTE ] array (
  'type' => 'module',
  'module' => 
  array (
    0 => 'assets',
    1 => 'plugin',
    2 => 'swiper',
  ),
)
[ info ] [ HEADER ] array (
  'cookie' => 'PHPSESSID=cntrcvmotarru3iv7pnadr5g66; uid=1; token=e17c874d-db48-4590-9ce9-ba6f88698692',
  'accept-language' => 'zh-CN,zh;q=0.9',
  'accept-encoding' => 'gzip, deflate',
  'user-agent' => 'Mozilla/5.0 (Windows NT 10.0; Win64; x64) AppleWebKit/537.36 (KHTML, like Gecko) Chrome/70.0.3538.77 Safari/537.36',
  'connection' => 'close',
  'host' => 'fastadmin3.api.com:8084',
)
[ info ] [ PARAM ] array (
)
[ info ] [ LOG ] INIT File
