---------------------------------------------------------------
[ 2018-11-21T19:03:50+08:00 ] 127.0.0.1 GET /favicon.ico
[ info ] fastadmin3.api.com:8084/favicon.ico [运行时间：0.521543s][吞吐率：1.92req/s] [内存消耗：1,720.71kb] [文件加载：52]
[ info ] [ BEHAVIOR ] Run Closure @app_init [ RunTime:0.004332s ]
[ info ] [ CACHE ] INIT File
[ info ] [ BEHAVIOR ] Run Closure @app_init [ RunTime:0.014984s ]
[ info ] [ LANG ] D:\phpstudy\PHPTutorial\WWW\fastadmin_new2\thinkphp\lang\zh-cn.php
[ info ] [ ROUTE ] array (
  'type' => 'module',
  'module' => 
  array (
    0 => 'favicon.ico',
    1 => NULL,
    2 => NULL,
  ),
)
[ info ] [ HEADER ] array (
  'connection' => 'close',
  'x-lantern-version' => '4.9.0',
  'referer' => 'http://fastadmin3.api.com:8084/dist/index.html',
  'proxy-connection' => 'keep-alive',
  'cookie' => 'PHPSESSID=cntrcvmotarru3iv7pnadr5g66; uid=1; token=e17c874d-db48-4590-9ce9-ba6f88698692',
  'accept-language' => 'zh-CN,zh;q=0.9',
  'accept-encoding' => 'gzip, deflate',
  'accept' => 'image/webp,image/apng,image/*,*/*;q=0.8',
  'user-agent' => 'Mozilla/5.0 (Windows NT 10.0; Win64; x64) AppleWebKit/537.36 (KHTML, like Gecko) Chrome/70.0.3538.77 Safari/537.36',
  'host' => 'fastadmin3.api.com:8084',
)
[ info ] [ PARAM ] array (
)
[ info ] [ LOG ] INIT File
