---------------------------------------------------------------
[ 2018-11-22T11:18:10+08:00 ] 127.0.0.1 GET /admin.php/addon?ref=addtabs
[ info ] fastadmin3.api.com:8084/admin.php/addon?ref=addtabs [运行时间：0.917710s][吞吐率：1.09req/s] [内存消耗：3,543.50kb] [文件加载：75]
[ info ] [ BEHAVIOR ] Run Closure @app_init [ RunTime:0.000262s ]
[ info ] [ CACHE ] INIT File
[ info ] [ BEHAVIOR ] Run Closure @app_init [ RunTime:0.012370s ]
[ info ] [ LANG ] D:\phpstudy\PHPTutorial\WWW\fastadmin_new2\thinkphp\lang\zh-cn.php
[ info ] [ ROUTE ] array (
  'type' => 'module',
  'module' => 
  array (
    0 => 'admin',
    1 => 'addon',
    2 => NULL,
  ),
)
[ info ] [ HEADER ] array (
  'connection' => 'close',
  'x-lantern-version' => '4.9.0',
  'upgrade-insecure-requests' => '1',
  'proxy-connection' => 'keep-alive',
  'cookie' => 'PHPSESSID=cntrcvmotarru3iv7pnadr5g66; uid=1; token=e17c874d-db48-4590-9ce9-ba6f88698692',
  'accept-language' => 'zh-CN,zh;q=0.9',
  'accept-encoding' => 'gzip, deflate',
  'accept' => 'text/html,application/xhtml+xml,application/xml;q=0.9,image/webp,image/apng,*/*;q=0.8',
  'user-agent' => 'Mozilla/5.0 (Windows NT 10.0; Win64; x64) AppleWebKit/537.36 (KHTML, like Gecko) Chrome/70.0.3538.77 Safari/537.36',
  'host' => 'fastadmin3.api.com:8084',
)
[ info ] [ PARAM ] array (
  'ref' => 'addtabs',
)
[ info ] [ LANG ] D:\phpstudy\PHPTutorial\WWW\fastadmin_new2\public/../application/admin\lang\zh-cn.php
[ info ] [ BEHAVIOR ] Run app\common\behavior\Common @module_init [ RunTime:0.003145s ]
[ info ] [ SESSION ] INIT array (
  'id' => '',
  'var_session_id' => '',
  'prefix' => 'think',
  'type' => '',
  'auto_start' => true,
)
[ info ] [ DB ] INIT mysql
[ info ] [ BEHAVIOR ] Run app\admin\behavior\AdminLog @app_end [ RunTime:0.001514s ]
[ info ] [ LOG ] INIT File
[ sql ] [ DB ] CONNECT:[ UseTime:0.205021s ] mysql:host=www.linkben.com;dbname=fastadmin_lzs2;charset=utf8
[ sql ] [ SQL ] SHOW COLUMNS FROM `fa_auth_group_access` [ RunTime:0.083446s ]
[ sql ] [ SQL ] SELECT `aga`.`uid`,`aga`.`group_id`,`ag`.`id`,`ag`.`pid`,`ag`.`name`,`ag`.`rules` FROM `fa_auth_group_access` `aga` LEFT JOIN `fa_auth_group` `ag` ON `aga`.`group_id`=`ag`.`id` WHERE  (  aga.uid='1' and ag.status='normal' ) [ RunTime:0.127993s ]
[ sql ] [ SQL ] SHOW COLUMNS FROM `fa_auth_rule` [ RunTime:0.079541s ]
[ sql ] [ SQL ] SELECT `id`,`pid`,`condition`,`icon`,`name`,`title`,`ismenu` FROM `fa_auth_rule` WHERE  `status` = 'normal' [ RunTime:0.082027s ]
---------------------------------------------------------------
[ 2018-11-22T11:18:13+08:00 ] 127.0.0.1 GET /admin.php/index/index
[ info ] fastadmin3.api.com:8084/admin.php/index/index [运行时间：2.006085s][吞吐率：0.50req/s] [内存消耗：4,134.95kb] [文件加载：91]
[ info ] [ BEHAVIOR ] Run Closure @app_init [ RunTime:0.000103s ]
[ info ] [ CACHE ] INIT File
[ info ] [ BEHAVIOR ] Run Closure @app_init [ RunTime:0.010854s ]
[ info ] [ LANG ] D:\phpstudy\PHPTutorial\WWW\fastadmin_new2\thinkphp\lang\zh-cn.php
[ info ] [ ROUTE ] array (
  'type' => 'module',
  'module' => 
  array (
    0 => 'admin',
    1 => 'index',
    2 => 'index',
  ),
)
[ info ] [ HEADER ] array (
  'connection' => 'close',
  'x-lantern-version' => '4.9.0',
  'upgrade-insecure-requests' => '1',
  'proxy-connection' => 'keep-alive',
  'cookie' => 'PHPSESSID=cntrcvmotarru3iv7pnadr5g66; uid=1; token=e17c874d-db48-4590-9ce9-ba6f88698692',
  'accept-language' => 'zh-CN,zh;q=0.9',
  'accept-encoding' => 'gzip, deflate',
  'accept' => 'text/html,application/xhtml+xml,application/xml;q=0.9,image/webp,image/apng,*/*;q=0.8',
  'user-agent' => 'Mozilla/5.0 (Windows NT 10.0; Win64; x64) AppleWebKit/537.36 (KHTML, like Gecko) Chrome/70.0.3538.77 Safari/537.36',
  'host' => 'fastadmin3.api.com:8084',
)
[ info ] [ PARAM ] array (
)
[ info ] [ LANG ] D:\phpstudy\PHPTutorial\WWW\fastadmin_new2\public/../application/admin\lang\zh-cn.php
[ info ] [ BEHAVIOR ] Run app\common\behavior\Common @module_init [ RunTime:0.004179s ]
[ info ] [ SESSION ] INIT array (
  'id' => '',
  'var_session_id' => '',
  'prefix' => 'think',
  'type' => '',
  'auto_start' => true,
)
[ info ] [ BEHAVIOR ] Run \addons\qcloudsms\Qcloudsms @config_init [ RunTime:0.001932s ]
[ info ] [ LANG ] D:\phpstudy\PHPTutorial\WWW\fastadmin_new2\public/../application/admin/lang/zh-cn/index.php
[ info ] [ RUN ] app\admin\controller\Index->index[ D:\phpstudy\PHPTutorial\WWW\fastadmin_new2\application\admin\controller\Index.php ]
[ info ] [ DB ] INIT mysql
[ info ] [ VIEW ] D:\phpstudy\PHPTutorial\WWW\fastadmin_new2\public/../application/admin\view\index\index.html [ array (
  0 => 'breadcrumb',
  1 => 'site',
  2 => 'config',
  3 => 'auth',
  4 => 'admin',
  5 => 'menulist',
  6 => 'navlist',
  7 => 'fixedmenu',
  8 => 'referermenu',
  9 => 'title',
) ]
[ info ] [ BEHAVIOR ] Run app\admin\behavior\AdminLog @app_end [ RunTime:0.000648s ]
[ info ] [ LOG ] INIT File
[ sql ] [ DB ] CONNECT:[ UseTime:0.123900s ] mysql:host=www.linkben.com;dbname=fastadmin_lzs2;charset=utf8
[ sql ] [ SQL ] SHOW COLUMNS FROM `fa_auth_group_access` [ RunTime:0.091343s ]
[ sql ] [ SQL ] SELECT `aga`.`uid`,`aga`.`group_id`,`ag`.`id`,`ag`.`pid`,`ag`.`name`,`ag`.`rules` FROM `fa_auth_group_access` `aga` LEFT JOIN `fa_auth_group` `ag` ON `aga`.`group_id`=`ag`.`id` WHERE  (  aga.uid='1' and ag.status='normal' ) [ RunTime:0.166852s ]
[ sql ] [ SQL ] SHOW COLUMNS FROM `fa_auth_rule` [ RunTime:0.099381s ]
[ sql ] [ SQL ] SELECT `id`,`pid`,`condition`,`icon`,`name`,`title`,`ismenu` FROM `fa_auth_rule` WHERE  `status` = 'normal' [ RunTime:0.107834s ]
---------------------------------------------------------------
[ 2018-11-22T11:18:15+08:00 ] 127.0.0.1 GET /admin.php/dashboard?addtabs=1
[ info ] fastadmin3.api.com:8084/admin.php/dashboard?addtabs=1 [运行时间：0.886849s][吞吐率：1.13req/s] [内存消耗：3,878.16kb] [文件加载：81]
[ info ] [ BEHAVIOR ] Run Closure @app_init [ RunTime:0.000152s ]
[ info ] [ CACHE ] INIT File
[ info ] [ BEHAVIOR ] Run Closure @app_init [ RunTime:0.015933s ]
[ info ] [ LANG ] D:\phpstudy\PHPTutorial\WWW\fastadmin_new2\thinkphp\lang\zh-cn.php
[ info ] [ ROUTE ] array (
  'type' => 'module',
  'module' => 
  array (
    0 => 'admin',
    1 => 'dashboard',
    2 => NULL,
  ),
)
[ info ] [ HEADER ] array (
  'connection' => 'close',
  'x-lantern-version' => '4.9.0',
  'upgrade-insecure-requests' => '1',
  'referer' => 'http://fastadmin3.api.com:8084/admin.php/index/index',
  'proxy-connection' => 'keep-alive',
  'cookie' => 'PHPSESSID=cntrcvmotarru3iv7pnadr5g66; uid=1; token=e17c874d-db48-4590-9ce9-ba6f88698692',
  'accept-language' => 'zh-CN,zh;q=0.9',
  'accept-encoding' => 'gzip, deflate',
  'accept' => 'text/html,application/xhtml+xml,application/xml;q=0.9,image/webp,image/apng,*/*;q=0.8',
  'user-agent' => 'Mozilla/5.0 (Windows NT 10.0; Win64; x64) AppleWebKit/537.36 (KHTML, like Gecko) Chrome/70.0.3538.77 Safari/537.36',
  'host' => 'fastadmin3.api.com:8084',
)
[ info ] [ PARAM ] array (
  'addtabs' => '1',
)
[ info ] [ LANG ] D:\phpstudy\PHPTutorial\WWW\fastadmin_new2\public/../application/admin\lang\zh-cn.php
[ info ] [ BEHAVIOR ] Run app\common\behavior\Common @module_init [ RunTime:0.005096s ]
[ info ] [ SESSION ] INIT array (
  'id' => '',
  'var_session_id' => '',
  'prefix' => 'think',
  'type' => '',
  'auto_start' => true,
)
[ info ] [ DB ] INIT mysql
[ info ] [ BEHAVIOR ] Run \addons\qcloudsms\Qcloudsms @config_init [ RunTime:0.001262s ]
[ info ] [ LANG ] D:\phpstudy\PHPTutorial\WWW\fastadmin_new2\public/../application/admin/lang/zh-cn/dashboard.php
[ info ] [ RUN ] app\admin\controller\Dashboard->index[ D:\phpstudy\PHPTutorial\WWW\fastadmin_new2\application\admin\controller\Dashboard.php ]
[ info ] [ VIEW ] D:\phpstudy\PHPTutorial\WWW\fastadmin_new2\public/../application/admin\view\dashboard\index.html [ array (
  0 => 'breadcrumb',
  1 => 'site',
  2 => 'config',
  3 => 'auth',
  4 => 'admin',
  5 => 'totaluser',
  6 => 'totalviews',
  7 => 'totalorder',
  8 => 'totalorderamount',
  9 => 'todayuserlogin',
  10 => 'todayusersignup',
  11 => 'todayorder',
  12 => 'unsettleorder',
  13 => 'sevendnu',
  14 => 'sevendau',
  15 => 'paylist',
  16 => 'createlist',
  17 => 'addonversion',
  18 => 'uploadmode',
) ]
[ info ] [ BEHAVIOR ] Run app\admin\behavior\AdminLog @app_end [ RunTime:0.001076s ]
[ info ] [ LOG ] INIT File
[ sql ] [ DB ] CONNECT:[ UseTime:0.123275s ] mysql:host=www.linkben.com;dbname=fastadmin_lzs2;charset=utf8
[ sql ] [ SQL ] SHOW COLUMNS FROM `fa_auth_group_access` [ RunTime:0.084195s ]
[ sql ] [ SQL ] SELECT `aga`.`uid`,`aga`.`group_id`,`ag`.`id`,`ag`.`pid`,`ag`.`name`,`ag`.`rules` FROM `fa_auth_group_access` `aga` LEFT JOIN `fa_auth_group` `ag` ON `aga`.`group_id`=`ag`.`id` WHERE  (  aga.uid='1' and ag.status='normal' ) [ RunTime:0.082169s ]
[ sql ] [ SQL ] SHOW COLUMNS FROM `fa_auth_rule` [ RunTime:0.080698s ]
[ sql ] [ SQL ] SELECT `id`,`pid`,`condition`,`icon`,`name`,`title`,`ismenu` FROM `fa_auth_rule` WHERE  `status` = 'normal' [ RunTime:0.078275s ]
[ sql ] [ SQL ] SELECT `title`,`remark` FROM `fa_auth_rule` WHERE  `name` = 'dashboard' LIMIT 1 [ RunTime:0.078203s ]
---------------------------------------------------------------
[ 2018-11-22T11:18:19+08:00 ] 127.0.0.1 GET /admin.php/addon?addtabs=1
[ info ] fastadmin3.api.com:8084/admin.php/addon?addtabs=1 [运行时间：1.119778s][吞吐率：0.89req/s] [内存消耗：4,017.25kb] [文件加载：96]
[ info ] [ BEHAVIOR ] Run Closure @app_init [ RunTime:0.000480s ]
[ info ] [ CACHE ] INIT File
[ info ] [ BEHAVIOR ] Run Closure @app_init [ RunTime:0.020671s ]
[ info ] [ LANG ] D:\phpstudy\PHPTutorial\WWW\fastadmin_new2\thinkphp\lang\zh-cn.php
[ info ] [ ROUTE ] array (
  'type' => 'module',
  'module' => 
  array (
    0 => 'admin',
    1 => 'addon',
    2 => NULL,
  ),
)
[ info ] [ HEADER ] array (
  'connection' => 'close',
  'x-lantern-version' => '4.9.0',
  'upgrade-insecure-requests' => '1',
  'referer' => 'http://fastadmin3.api.com:8084/admin.php/index/index',
  'proxy-connection' => 'keep-alive',
  'cookie' => 'PHPSESSID=cntrcvmotarru3iv7pnadr5g66; uid=1; token=e17c874d-db48-4590-9ce9-ba6f88698692',
  'accept-language' => 'zh-CN,zh;q=0.9',
  'accept-encoding' => 'gzip, deflate',
  'accept' => 'text/html,application/xhtml+xml,application/xml;q=0.9,image/webp,image/apng,*/*;q=0.8',
  'user-agent' => 'Mozilla/5.0 (Windows NT 10.0; Win64; x64) AppleWebKit/537.36 (KHTML, like Gecko) Chrome/70.0.3538.77 Safari/537.36',
  'host' => 'fastadmin3.api.com:8084',
)
[ info ] [ PARAM ] array (
  'addtabs' => '1',
)
[ info ] [ LANG ] D:\phpstudy\PHPTutorial\WWW\fastadmin_new2\public/../application/admin\lang\zh-cn.php
[ info ] [ BEHAVIOR ] Run app\common\behavior\Common @module_init [ RunTime:0.014841s ]
[ info ] [ SESSION ] INIT array (
  'id' => '',
  'var_session_id' => '',
  'prefix' => 'think',
  'type' => '',
  'auto_start' => true,
)
[ info ] [ DB ] INIT mysql
[ info ] [ BEHAVIOR ] Run \addons\qcloudsms\Qcloudsms @config_init [ RunTime:0.001541s ]
[ info ] [ LANG ] D:\phpstudy\PHPTutorial\WWW\fastadmin_new2\public/../application/admin/lang/zh-cn/addon.php
[ info ] [ RUN ] app\admin\controller\Addon->index[ D:\phpstudy\PHPTutorial\WWW\fastadmin_new2\application\admin\controller\Addon.php ]
[ info ] [ VIEW ] D:\phpstudy\PHPTutorial\WWW\fastadmin_new2\public/../application/admin\view\addon\index.html [ array (
  0 => 'breadcrumb',
  1 => 'site',
  2 => 'config',
  3 => 'auth',
  4 => 'admin',
) ]
[ info ] [ BEHAVIOR ] Run app\admin\behavior\AdminLog @app_end [ RunTime:0.000946s ]
[ info ] [ LOG ] INIT File
[ sql ] [ DB ] CONNECT:[ UseTime:0.167721s ] mysql:host=www.linkben.com;dbname=fastadmin_lzs2;charset=utf8
[ sql ] [ SQL ] SHOW COLUMNS FROM `fa_auth_group_access` [ RunTime:0.086127s ]
[ sql ] [ SQL ] SELECT `aga`.`uid`,`aga`.`group_id`,`ag`.`id`,`ag`.`pid`,`ag`.`name`,`ag`.`rules` FROM `fa_auth_group_access` `aga` LEFT JOIN `fa_auth_group` `ag` ON `aga`.`group_id`=`ag`.`id` WHERE  (  aga.uid='1' and ag.status='normal' ) [ RunTime:0.098948s ]
[ sql ] [ SQL ] SHOW COLUMNS FROM `fa_auth_rule` [ RunTime:0.093886s ]
[ sql ] [ SQL ] SELECT `id`,`pid`,`condition`,`icon`,`name`,`title`,`ismenu` FROM `fa_auth_rule` WHERE  `status` = 'normal' [ RunTime:0.088464s ]
[ sql ] [ SQL ] SELECT `title`,`remark` FROM `fa_auth_rule` WHERE  `name` = 'addon' LIMIT 1 [ RunTime:0.079891s ]
---------------------------------------------------------------
[ 2018-11-22T11:18:19+08:00 ] 127.0.0.1 GET /admin.php/ajax/lang?callback=define&controllername=index&v=1542856691
[ info ] fastadmin3.api.com:8084/admin.php/ajax/lang?callback=define&controllername=index&v=1542856691 [运行时间：0.482511s][吞吐率：2.07req/s] [内存消耗：2,885.47kb] [文件加载：72]
[ info ] [ BEHAVIOR ] Run Closure @app_init [ RunTime:0.000077s ]
[ info ] [ CACHE ] INIT File
[ info ] [ BEHAVIOR ] Run Closure @app_init [ RunTime:0.010189s ]
[ info ] [ LANG ] D:\phpstudy\PHPTutorial\WWW\fastadmin_new2\thinkphp\lang\zh-cn.php
[ info ] [ ROUTE ] array (
  'type' => 'module',
  'module' => 
  array (
    0 => 'admin',
    1 => 'ajax',
    2 => 'lang',
  ),
)
[ info ] [ HEADER ] array (
  'connection' => 'close',
  'x-lantern-version' => '4.9.0',
  'referer' => 'http://fastadmin3.api.com:8084/admin.php/index/index',
  'proxy-connection' => 'keep-alive',
  'cookie' => 'PHPSESSID=cntrcvmotarru3iv7pnadr5g66; uid=1; token=e17c874d-db48-4590-9ce9-ba6f88698692',
  'accept-language' => 'zh-CN,zh;q=0.9',
  'accept-encoding' => 'gzip, deflate',
  'accept' => '*/*',
  'user-agent' => 'Mozilla/5.0 (Windows NT 10.0; Win64; x64) AppleWebKit/537.36 (KHTML, like Gecko) Chrome/70.0.3538.77 Safari/537.36',
  'host' => 'fastadmin3.api.com:8084',
)
[ info ] [ PARAM ] array (
  'callback' => 'define',
  'controllername' => 'index',
  'v' => '1542856691',
)
[ info ] [ LANG ] D:\phpstudy\PHPTutorial\WWW\fastadmin_new2\public/../application/admin\lang\zh-cn.php
[ info ] [ BEHAVIOR ] Run app\common\behavior\Common @module_init [ RunTime:0.003026s ]
[ info ] [ SESSION ] INIT array (
  'id' => '',
  'var_session_id' => '',
  'prefix' => 'think',
  'type' => '',
  'auto_start' => true,
)
[ info ] [ BEHAVIOR ] Run \addons\qcloudsms\Qcloudsms @config_init [ RunTime:0.003309s ]
[ info ] [ LANG ] D:\phpstudy\PHPTutorial\WWW\fastadmin_new2\public/../application/admin/lang/zh-cn/ajax.php
[ info ] [ RUN ] app\admin\controller\Ajax->lang[ D:\phpstudy\PHPTutorial\WWW\fastadmin_new2\application\admin\controller\Ajax.php ]
[ info ] [ LANG ] D:\phpstudy\PHPTutorial\WWW\fastadmin_new2\public/../application/admin/lang/zh-cn/index.php
[ info ] [ BEHAVIOR ] Run app\admin\behavior\AdminLog @app_end [ RunTime:0.003108s ]
[ info ] [ LOG ] INIT File
---------------------------------------------------------------
[ 2018-11-22T11:18:20+08:00 ] 127.0.0.1 GET /admin.php/ajax/lang?callback=define&controllername=dashboard&v=1542856694
[ info ] fastadmin3.api.com:8084/admin.php/ajax/lang?callback=define&controllername=dashboard&v=1542856694 [运行时间：0.301008s][吞吐率：3.32req/s] [内存消耗：2,884.05kb] [文件加载：72]
[ info ] [ BEHAVIOR ] Run Closure @app_init [ RunTime:0.000147s ]
[ info ] [ CACHE ] INIT File
[ info ] [ BEHAVIOR ] Run Closure @app_init [ RunTime:0.011926s ]
[ info ] [ LANG ] D:\phpstudy\PHPTutorial\WWW\fastadmin_new2\thinkphp\lang\zh-cn.php
[ info ] [ ROUTE ] array (
  'type' => 'module',
  'module' => 
  array (
    0 => 'admin',
    1 => 'ajax',
    2 => 'lang',
  ),
)
[ info ] [ HEADER ] array (
  'connection' => 'close',
  'x-lantern-version' => '4.9.0',
  'referer' => 'http://fastadmin3.api.com:8084/admin.php/dashboard?addtabs=1',
  'proxy-connection' => 'keep-alive',
  'cookie' => 'PHPSESSID=cntrcvmotarru3iv7pnadr5g66; uid=1; token=e17c874d-db48-4590-9ce9-ba6f88698692',
  'accept-language' => 'zh-CN,zh;q=0.9',
  'accept-encoding' => 'gzip, deflate',
  'accept' => '*/*',
  'user-agent' => 'Mozilla/5.0 (Windows NT 10.0; Win64; x64) AppleWebKit/537.36 (KHTML, like Gecko) Chrome/70.0.3538.77 Safari/537.36',
  'host' => 'fastadmin3.api.com:8084',
)
[ info ] [ PARAM ] array (
  'callback' => 'define',
  'controllername' => 'dashboard',
  'v' => '1542856694',
)
[ info ] [ LANG ] D:\phpstudy\PHPTutorial\WWW\fastadmin_new2\public/../application/admin\lang\zh-cn.php
[ info ] [ BEHAVIOR ] Run app\common\behavior\Common @module_init [ RunTime:0.002125s ]
[ info ] [ SESSION ] INIT array (
  'id' => '',
  'var_session_id' => '',
  'prefix' => 'think',
  'type' => '',
  'auto_start' => true,
)
[ info ] [ BEHAVIOR ] Run \addons\qcloudsms\Qcloudsms @config_init [ RunTime:0.001868s ]
[ info ] [ LANG ] D:\phpstudy\PHPTutorial\WWW\fastadmin_new2\public/../application/admin/lang/zh-cn/ajax.php
[ info ] [ RUN ] app\admin\controller\Ajax->lang[ D:\phpstudy\PHPTutorial\WWW\fastadmin_new2\application\admin\controller\Ajax.php ]
[ info ] [ LANG ] D:\phpstudy\PHPTutorial\WWW\fastadmin_new2\public/../application/admin/lang/zh-cn/dashboard.php
[ info ] [ BEHAVIOR ] Run app\admin\behavior\AdminLog @app_end [ RunTime:0.000898s ]
[ info ] [ LOG ] INIT File
---------------------------------------------------------------
[ 2018-11-22T11:18:23+08:00 ] 127.0.0.1 GET /admin.php/ajax/lang?callback=define&controllername=addon&v=1542856698
[ info ] fastadmin3.api.com:8084/admin.php/ajax/lang?callback=define&controllername=addon&v=1542856698 [运行时间：0.314138s][吞吐率：3.18req/s] [内存消耗：2,887.02kb] [文件加载：72]
[ info ] [ BEHAVIOR ] Run Closure @app_init [ RunTime:0.000132s ]
[ info ] [ CACHE ] INIT File
[ info ] [ BEHAVIOR ] Run Closure @app_init [ RunTime:0.011429s ]
[ info ] [ LANG ] D:\phpstudy\PHPTutorial\WWW\fastadmin_new2\thinkphp\lang\zh-cn.php
[ info ] [ ROUTE ] array (
  'type' => 'module',
  'module' => 
  array (
    0 => 'admin',
    1 => 'ajax',
    2 => 'lang',
  ),
)
[ info ] [ HEADER ] array (
  'connection' => 'close',
  'x-lantern-version' => '4.9.0',
  'referer' => 'http://fastadmin3.api.com:8084/admin.php/addon?addtabs=1',
  'proxy-connection' => 'keep-alive',
  'cookie' => 'PHPSESSID=cntrcvmotarru3iv7pnadr5g66; uid=1; token=e17c874d-db48-4590-9ce9-ba6f88698692',
  'accept-language' => 'zh-CN,zh;q=0.9',
  'accept-encoding' => 'gzip, deflate',
  'accept' => '*/*',
  'user-agent' => 'Mozilla/5.0 (Windows NT 10.0; Win64; x64) AppleWebKit/537.36 (KHTML, like Gecko) Chrome/70.0.3538.77 Safari/537.36',
  'host' => 'fastadmin3.api.com:8084',
)
[ info ] [ PARAM ] array (
  'callback' => 'define',
  'controllername' => 'addon',
  'v' => '1542856698',
)
[ info ] [ LANG ] D:\phpstudy\PHPTutorial\WWW\fastadmin_new2\public/../application/admin\lang\zh-cn.php
[ info ] [ BEHAVIOR ] Run app\common\behavior\Common @module_init [ RunTime:0.004716s ]
[ info ] [ SESSION ] INIT array (
  'id' => '',
  'var_session_id' => '',
  'prefix' => 'think',
  'type' => '',
  'auto_start' => true,
)
[ info ] [ BEHAVIOR ] Run \addons\qcloudsms\Qcloudsms @config_init [ RunTime:0.001280s ]
[ info ] [ LANG ] D:\phpstudy\PHPTutorial\WWW\fastadmin_new2\public/../application/admin/lang/zh-cn/ajax.php
[ info ] [ RUN ] app\admin\controller\Ajax->lang[ D:\phpstudy\PHPTutorial\WWW\fastadmin_new2\application\admin\controller\Ajax.php ]
[ info ] [ LANG ] D:\phpstudy\PHPTutorial\WWW\fastadmin_new2\public/../application/admin/lang/zh-cn/addon.php
[ info ] [ BEHAVIOR ] Run app\admin\behavior\AdminLog @app_end [ RunTime:0.001907s ]
[ info ] [ LOG ] INIT File
